MLA843116615 - Monitor Dell P2419h Led 24  Negro 100v/240v - MLA14407 - Monitores
MLA663208480 - Notebook Laptop Dell Inspiron I5 16g 256ssd Ubuntu Ram - MLA1652 - Notebooks
MLA838441150 - Servidor Poweredge Dell T40 Xeon E3-2224 16gb 1tb Hd Gtia - MLA1649 - PC
MLA604049998 - Ups Apc Easy Bv650i-ar 650va Gtia Oficial 2 Años Bv650 - MLA1720 - UPS
MLA869670211 - Cable Candado Seguridad Dell Noble Tz04t Lock Low Profile  - MLA82335 - Otros
MLA870125549 - Notebook Laptop Dell Inspiron I5 16g 256ssd + 1tb Ubuntu Ram - MLA1652 - Notebooks
MLA740540307 - Servidor Poweredge Dell T40 Xeon E3-1225 8gb 1tb Hd Free Dos - MLA1649 - PC
MLA763012088 - Monitor Dell 24 Profesional P2419h 1080 60hz Vertical - MLA14407 - Monitores
MLA870125306 - Notebook Laptop Dell Inspiron I5 32g 256ssd + 480ssd Ubuntu - MLA1652 - Notebooks
MLA665986505 - Servidor Dell T140 Xeon E3-2124 16gb 2tb Reemplazo T130 - MLA1649 - PC
MLA696009826 - Ups Apc 1000va Online Tower Gtia 2 Años - MLA1720 - UPS
MLA685442693 - Switch Cisco 24 Puertos Gigabit Rack 10/100/1000 - MLA1708 - Switches
MLA677346308 - Notebook Laptop Dell Inspiron I3 8gb 1tb 14 Ubuntu Teclado Con Ñ Gtia De Tienda Oficial - Factura A Y B Ram - MLA1652 - Notebooks
MLA862050665 - Servidor Poweredge Dell T40 Intel E3-2224 16gb 1tb Hd Cuotas - MLA1649 - PC
MLA609550688 - Ups Apc Easy 500va Estabilizador Y Protector De Tension Con Ahorro De Energia Gtia Oficial 2 Años - MLA1720 - UPS
MLA679000346 - Ups Apc 800va 4t Estabilizador Y Protector De Tension Gtia Oficial 2 Años Simil Ideal Para Uso Gamer - MLA1720 - UPS
MLA833705652 - Notebook Laptop Dell Inspiron I5 10g 16g 256gb Win10 Ram - MLA1652 - Notebooks
MLA701423768 - Switch Cisco 8 Puertos Port 10/100/1000 Giga Sg100 Oferta Para Hogar Y Empresa - Garantia Oficial - Factura A Y B - MLA1708 - Switches
MLA814217735 - Servidor Dell T140 Xeon E3-2124 32gb 4tb Reemplazo T130 - MLA1649 - PC
MLA723894205 - Router Cisco Dual Wan Vpn Firewall Rv340-k9 Oferta Gtia Oficial - Factura A Y B - MLA430901 - Routers
MLA901151692 - Notebook Dell Latitude I7 3510 16gb 256ssd + 240ssd Gf W10p - MLA1652 - Notebooks
MLA609714711 - Ups Apc Back-ups Pro 550va 230 Estabilizador Y Protector De Tensión Con Ahorro De Energia Gtia Oficial Br550 - MLA1720 - UPS
MLA609116302 - Ups Apc 1500va Con Ahorro De Energa Estabilizador Y Protector De Tension Gtia Oficial Ideal Para Uso Gamer - MLA1720 - UPS
MLA800415301 - Servidor Dell T140 Xeon E3-2124 16gb 2tb Reemplazo T130 - MLA1649 - PC
MLA814166024 - Notebook Dell Inspiron I7 256ssd 8gb 15.6 W10 Gforce Oferta - MLA1652 - Notebooks
MLA806652269 - Monitor Dell 27 Profesional P2719h 1080 60hz Vertical Fhd - MLA14407 - Monitores
MLA673321805 - Ups Apc 1500va Estabilizador Y Protector De Tension - Alto Rendimiento Para Pc De Hogar Y Oficina Gtia 2años - MLA1720 - UPS
MLA896718634 - Servidor Poweredge Dell T40 Xeon E3-2224 16gb 2tb Hd Gtia - MLA1649 - PC
MLA901191250 - Notebook Dell Latitude I7 3510 32gb 256ssd + 1tb Gf Win10p - MLA1652 - Notebooks
MLA685428555 - Switch Cisco 16 Puertos Port 10/100/1000 Rack (ex Sg100-16) Para Hogar Y Empresa - Garantia Oficial - Factura A Y B - MLA1708 - Switches
MLA685442543 - Switch Cisco Sg110-24 24 Puertos Gigabit Rack (ex. Sg100-24) - MLA1708 - Switches
MLA614270244 - Ups Apc 1000va Para Pc Gamer Simil Bx1100 Bv1000i-ar Estabilizador Y Protector De Tension Gtia Oficial 2 Años - MLA1720 - UPS
MLA833393643 - Notebook Laptop Dell Inspiron I5 10g 8g 256gb Ubuntu Oferta - MLA1652 - Notebooks
MLA838039921 - Ups Apc Bv800i-ar 800v 4t Estabilizador Pc Gamer Simil Bx800 - MLA1720 - UPS
MLA683885395 - Ups Apc Bv1000i 1000va Para Pc Gamer Simil Bx1100 - MLA1720 - UPS
MLA795525764 - Ups Apc Easy Bv650i-ar 650va Gtia Oficial 2 Años Bv650 - MLA1720 - UPS
MLA897945782 - Notebook Dell Vostro I5 15.6 12g 1tb + 480ssd  Ubuntu Ñ - MLA1652 - Notebooks
MLA671611113 - Ups Apc Br1200g Ar 1200va Estabilizador Br1200 Gtia 2 Años - MLA1720 - UPS
MLA839633052 - Ups Apc Easy Bv500i-ar 500va Bv500 Gtia Oficial 2 Años - MLA1720 - UPS
MLA897953982 - Notebook Dell Vostro I3 15.6 8gb 1tb + 240ssd Ubuntu Ñ - MLA1652 - Notebooks
MLA696010903 - Ups Apc Src2ki-ar 2000va Online Tower Src2ki - MLA1720 - UPS
MLA875200546 - Router Wifi Linksys 5 Mesh Mr6350 Ac1300 Dual Band Oferta - MLA430901 - Routers
MLA640303035 - Ups Apc Br1500g 1500va Estabilizador  Gtia 2 Años Br1500g-ar - MLA1720 - UPS
MLA689122291 - Notebook Dell I5 8gb 1tb + Ssd Windows 10 - MLA1652 - Notebooks
MLA790641629 - Monitor Dell 24 Profesional P2419h - Modelo Nuevo! Ex-p2417h - MLA14407 - Monitores
MLA830190937 - Notebook Lapto Dell I3 16gb 1tb + Ssd 480gb Win10 Oferta - MLA1652 - Notebooks
MLA619242948 - Router Wifi Linksys Dual Band 600mbps 802.11n Usb - MLA430901 - Routers
MLA696010061 - Ups Apc Src1ki-ar 1000va Online Tower Src1ki Gtia 2 Años - MLA1720 - UPS
MLA897766169 - Notebook Dell Vostro I3 15.6  8g 1tb Ubuntu Teclado Con Ñ - MLA1652 - Notebooks
MLA689148569 - Switch 8 Bocas Cisco 8 Puertos 10/100mbps Para Hogar Y Empresa - Garantia Oficial - Factura A Y B - MLA1708 - Switches
MLA843116615 - Monitor Dell P2419h Led 24  Negro 100v/240v - MLA14407 - Monitores
MLA663208480 - Notebook Laptop Dell Inspiron I5 16g 256ssd Ubuntu Ram - MLA1652 - Notebooks
MLA838441150 - Servidor Poweredge Dell T40 Xeon E3-2224 16gb 1tb Hd Gtia - MLA1649 - PC
MLA604049998 - Ups Apc Easy Bv650i-ar 650va Gtia Oficial 2 Años Bv650 - MLA1720 - UPS
MLA869670211 - Cable Candado Seguridad Dell Noble Tz04t Lock Low Profile  - MLA82335 - Otros
MLA870125549 - Notebook Laptop Dell Inspiron I5 16g 256ssd + 1tb Ubuntu Ram - MLA1652 - Notebooks
MLA740540307 - Servidor Poweredge Dell T40 Xeon E3-1225 8gb 1tb Hd Free Dos - MLA1649 - PC
MLA763012088 - Monitor Dell 24 Profesional P2419h 1080 60hz Vertical - MLA14407 - Monitores
MLA870125306 - Notebook Laptop Dell Inspiron I5 32g 256ssd + 480ssd Ubuntu - MLA1652 - Notebooks
MLA665986505 - Servidor Dell T140 Xeon E3-2124 16gb 2tb Reemplazo T130 - MLA1649 - PC
MLA696009826 - Ups Apc 1000va Online Tower Gtia 2 Años - MLA1720 - UPS
MLA685442693 - Switch Cisco 24 Puertos Gigabit Rack 10/100/1000 - MLA1708 - Switches
MLA677346308 - Notebook Laptop Dell Inspiron I3 8gb 1tb 14 Ubuntu Teclado Con Ñ Gtia De Tienda Oficial - Factura A Y B Ram - MLA1652 - Notebooks
MLA862050665 - Servidor Poweredge Dell T40 Intel E3-2224 16gb 1tb Hd Cuotas - MLA1649 - PC
MLA609550688 - Ups Apc Easy 500va Estabilizador Y Protector De Tension Con Ahorro De Energia Gtia Oficial 2 Años - MLA1720 - UPS
MLA679000346 - Ups Apc 800va 4t Estabilizador Y Protector De Tension Gtia Oficial 2 Años Simil Ideal Para Uso Gamer - MLA1720 - UPS
MLA833705652 - Notebook Laptop Dell Inspiron I5 10g 16g 256gb Win10 Ram - MLA1652 - Notebooks
MLA701423768 - Switch Cisco 8 Puertos Port 10/100/1000 Giga Sg100 Oferta Para Hogar Y Empresa - Garantia Oficial - Factura A Y B - MLA1708 - Switches
MLA814217735 - Servidor Dell T140 Xeon E3-2124 32gb 4tb Reemplazo T130 - MLA1649 - PC
MLA723894205 - Router Cisco Dual Wan Vpn Firewall Rv340-k9 Oferta Gtia Oficial - Factura A Y B - MLA430901 - Routers
MLA901151692 - Notebook Dell Latitude I7 3510 16gb 256ssd + 240ssd Gf W10p - MLA1652 - Notebooks
MLA609714711 - Ups Apc Back-ups Pro 550va 230 Estabilizador Y Protector De Tensión Con Ahorro De Energia Gtia Oficial Br550 - MLA1720 - UPS
MLA609116302 - Ups Apc 1500va Con Ahorro De Energa Estabilizador Y Protector De Tension Gtia Oficial Ideal Para Uso Gamer - MLA1720 - UPS
MLA800415301 - Servidor Dell T140 Xeon E3-2124 16gb 2tb Reemplazo T130 - MLA1649 - PC
MLA814166024 - Notebook Dell Inspiron I7 256ssd 8gb 15.6 W10 Gforce Oferta - MLA1652 - Notebooks
MLA806652269 - Monitor Dell 27 Profesional P2719h 1080 60hz Vertical Fhd - MLA14407 - Monitores
MLA673321805 - Ups Apc 1500va Estabilizador Y Protector De Tension - Alto Rendimiento Para Pc De Hogar Y Oficina Gtia 2años - MLA1720 - UPS
MLA896718634 - Servidor Poweredge Dell T40 Xeon E3-2224 16gb 2tb Hd Gtia - MLA1649 - PC
MLA901191250 - Notebook Dell Latitude I7 3510 32gb 256ssd + 1tb Gf Win10p - MLA1652 - Notebooks
MLA685428555 - Switch Cisco 16 Puertos Port 10/100/1000 Rack (ex Sg100-16) Para Hogar Y Empresa - Garantia Oficial - Factura A Y B - MLA1708 - Switches
MLA685442543 - Switch Cisco Sg110-24 24 Puertos Gigabit Rack (ex. Sg100-24) - MLA1708 - Switches
MLA614270244 - Ups Apc 1000va Para Pc Gamer Simil Bx1100 Bv1000i-ar Estabilizador Y Protector De Tension Gtia Oficial 2 Años - MLA1720 - UPS
MLA833393643 - Notebook Laptop Dell Inspiron I5 10g 8g 256gb Ubuntu Oferta - MLA1652 - Notebooks
MLA838039921 - Ups Apc Bv800i-ar 800v 4t Estabilizador Pc Gamer Simil Bx800 - MLA1720 - UPS
MLA683885395 - Ups Apc Bv1000i 1000va Para Pc Gamer Simil Bx1100 - MLA1720 - UPS
MLA795525764 - Ups Apc Easy Bv650i-ar 650va Gtia Oficial 2 Años Bv650 - MLA1720 - UPS
MLA897945782 - Notebook Dell Vostro I5 15.6 12g 1tb + 480ssd  Ubuntu Ñ - MLA1652 - Notebooks
MLA671611113 - Ups Apc Br1200g Ar 1200va Estabilizador Br1200 Gtia 2 Años - MLA1720 - UPS
MLA839633052 - Ups Apc Easy Bv500i-ar 500va Bv500 Gtia Oficial 2 Años - MLA1720 - UPS
MLA897953982 - Notebook Dell Vostro I3 15.6 8gb 1tb + 240ssd Ubuntu Ñ - MLA1652 - Notebooks
MLA696010903 - Ups Apc Src2ki-ar 2000va Online Tower Src2ki - MLA1720 - UPS
MLA875200546 - Router Wifi Linksys 5 Mesh Mr6350 Ac1300 Dual Band Oferta - MLA430901 - Routers
MLA640303035 - Ups Apc Br1500g 1500va Estabilizador  Gtia 2 Años Br1500g-ar - MLA1720 - UPS
MLA689122291 - Notebook Dell I5 8gb 1tb + Ssd Windows 10 - MLA1652 - Notebooks
MLA790641629 - Monitor Dell 24 Profesional P2419h - Modelo Nuevo! Ex-p2417h - MLA14407 - Monitores
MLA830190937 - Notebook Lapto Dell I3 16gb 1tb + Ssd 480gb Win10 Oferta - MLA1652 - Notebooks
MLA619242948 - Router Wifi Linksys Dual Band 600mbps 802.11n Usb - MLA430901 - Routers
MLA696010061 - Ups Apc Src1ki-ar 1000va Online Tower Src1ki Gtia 2 Años - MLA1720 - UPS
MLA897766169 - Notebook Dell Vostro I3 15.6  8g 1tb Ubuntu Teclado Con Ñ - MLA1652 - Notebooks
MLA689148569 - Switch 8 Bocas Cisco 8 Puertos 10/100mbps Para Hogar Y Empresa - Garantia Oficial - Factura A Y B - MLA1708 - Switches
MLA806656370 - Router Wifi Linksys Ea6100 Dualband Usb 3.0 Control Parental - MLA430901 - Routers
MLA663219401 - Notebook Dell I5 8gb Ssd 256gb 13,3 Win10 - MLA1652 - Notebooks
MLA679000840 - Ups Apc Bx1100ci Para Tv, Play, Audio, 6 Tomas Estabilizador - MLA1720 - UPS
MLA838954057 - Router Linksys Wifi Ea7300 Mimo Smart Router Ac1750 - MLA430901 - Routers
MLA881145085 - Notebook Laptop Dell Inspiron I3 20gb 1tb + 240ssd 14 Ubu - MLA1652 - Notebooks
MLA723753317 - Ups Apc Br900g-ar 900va 6 Tomas Estabilizador Gtia 2 Años - MLA1720 - UPS
MLA678026676 - Switch Cisco 24 Puertos 10/100 Rackeable No Adm Para Hogar Y Empresa - Garantia Oficial - Factura A Y B - MLA1708 - Switches
MLA881141857 - Notebook Laptop Dell Inspiron I3 12gb 1tb + 480ssd 14 Ubu - MLA1652 - Notebooks
MLA659248541 - Monitor Gamer Hd Dell Led Profesional 20 Dp Vertical - MLA14407 - Monitores
MLA846965428 - Ups Apc Bv500 Estabilizador Protector Tension Entreg Inmedit - MLA1720 - UPS
MLA837801073 - Notebook Laptop Dell Inspiron I3 8gb 1tb + 480 Ssd Win 10 - MLA1652 - Notebooks
MLA886431859 - Dock Universal Dell Wd19 Usb Type-c 180w Vga Hdmi - MLA3581 - Docking Stations y Replicators
MLA835811366 - Switch Cisco Sg220-26 Gigabit Administrable + 2 Sfp - MLA1708 - Switches
MLA604168468 - Ups Apc 550va 3 Tomas Gtia Oficial 2 Años Bx550  Estabilizador Y Protector De Tension Con Ahorro De Energia - MLA1720 - UPS
MLA835872727 - Switch Cisco Sf220-24p Adm 24 Puertos Poe + 2 Giga + 2 Sfp - MLA1708 - Switches
MLA859895095 - Ups Apc Srv3ki 3000v 3tm Ups Srv 230v Estabilizador - MLA1720 - UPS
MLA878197722 - Notebook Dell Latitude I7 16gb 1tb Win 10 Pro Teclado Ñ - MLA1652 - Notebooks
MLA609152945 - Ups Apc Srv3ki 3000v 3tm Easy Ups Srv 230v Estabilizador De Tension Con Doble Conversión On Line Ideal Para Servidores - MLA1720 - UPS
MLA859898638 - Switch Cisco Sf110-24 24 Puertos 10/100 Rackeable No Adm - MLA1708 - Switches
MLA835812799 - Switch Cisco Sg220-26p Smart Plus 26 Puertos Giga Poe Admin - MLA1708 - Switches
MLA708077768 - Switch Cisco 10 Port Gigabit Managed Sg350-10-k9 Sg350 - MLA1708 - Switches
MLA835813742 - Switch Cisco Sg220-26 Gigabit Administrable + 2 Sfp - MLA1708 - Switches
MLA835639612 - Sg250-50-k9-ar Cisco Sg250-50 50-port Gigabit Smart Switch - MLA1708 - Switches
MLA837544450 - Sg112-24-na Switch 24p Cisco Compact Gigabit (10/100/1000)  - MLA1708 - Switches
MLA791968195 - Escaner Kodak S2040 Alta Velocidad 600dpi Duplex 5000 X Dia - MLA72721 - Scanners
MLA830854907 - Switch Cisco 8 Port 10/100/1000 Giga Sg110-8 Gtia Oficial - MLA1708 - Switches
MLA836874744 - Switch Cisco Sf110d-05 5 Puertos 10/100 Sf110 (ex Sf100d-05) - MLA1708 - Switches
MLA692519476 - Switch Cisco 5 Puertos 10/100 Gtia Oficial - MLA1708 - Switches
MLA723747931 - Ups Apc Bx550ci-ar 550va 3 Tomas Garantía 2 Años Oferta - MLA1720 - UPS
MLA835614791 - Sf250-48-k9-ar Switch 48p Cisco Sf250-48 10/100 Rack - MLA1708 - Switches
MLA614716924 - Ups Apc Br550g-ar Back-ups Pro 550va 230 Estabilizador Br550 - MLA1720 - UPS
MLA837857505 - Notebook Dell I5 16gb 1tb + Ssd Windows 10 Ram - MLA1652 - Notebooks
MLA692519735 - Switch Cisco Sf110d-05 5 Puertos 10/100 Sf110 (ex Sf100d-05) - MLA1708 - Switches
MLA794776018 - Ups Apc Srv3ki 3000v 3tm Ups Srv 230v Estabilizador - MLA1720 - UPS
MLA867576341 - Switch Cisco 8 Puertos Gigabit Sg110-08 Desktop - MLA1708 - Switches
MLA837863013 - Notebook Dell I5 32gb 1tb + Ssd Windows 10 Ram - MLA1652 - Notebooks
MLA762931643 - Switch Cisco Sb Adm L2 24 Sf350-24p 10/100 Poe Sf350-24p-k9 - MLA1708 - Switches
MLA837545618 - Switch Cisco 8 Port 10/100/1000 Giga Sg110-8 Gtia Oficial - MLA1708 - Switches
MLA820063375 - Switch Cisco Sb Sg110-24hp 24p Poe No Adm - MLA1708 - Switches
MLA803070216 - Monitor Dell U2412m De 24 Pulgadas De 1920 X 1200 Led - MLA14407 - Monitores
MLA868003475 - Notebook Dell Latitude I5 32gb 256ssd 14 Win10 Pro Ram - MLA1652 - Notebooks
MLA859891008 - Ups Apc Bx650ci-ar 650va Back 3 Tomas Estabilizador Bx650 - MLA1720 - UPS
MLA714545399 - Switch Cisco Semi Admin 24 Puertos 10/100 2 Giga Sf220-24-k9 - MLA1708 - Switches
MLA795525213 - Ups Apc Easy Bv500i-ar 500va Bv500 Gtia Oficial 2 Años - MLA1720 - UPS
MLA857018527 - Notebook Laptop Dell Inspiron I5 16g 256ssd Ubuntu Ram - MLA1652 - Notebooks
MLA614711129 - Ups Apc Srv1ki 1000v 3t Easy Ups Srv 230v 1kva Rackeable - MLA1720 - UPS
MLA609712328 - Ups Apc Srv2ki 2000v 3t Easy Ups Srv 230v 1kva Rackeable - MLA1720 - UPS
MLA835617367 - Switch Cisco Sg250 10p 8 Puertos Poe + 2 Sfp Gigabit  - MLA1708 - Switches
MLA673439392 - Notebook Laptop Dell Inspiron I3 4gb 1tb 14 Ubuntu Teclado Con Ñ Gtia De Tienda Oficial - Factura A Y B - MLA1652 - Notebooks
MLA714578081 - Switch 24p Cisco Sg250-26 Giga 10/100/1000 Sg250-26-k9 - MLA1708 - Switches
MLA639278363 - Ups Apc 650va Back-ups 3 Tomas Para Pc - Estabilizador Y Protector De Tension Con Ahorro De Energia - MLA1720 - UPS
MLA709978209 - Switch 8 Bocas Cisco 8 Puertos 10/100mbps Oferta Para Hogar Y Empresa - Garantia Oficial - Factura A Y B - MLA1708 - Switches
MLA620000215 - Router Wifi Linksys Dual Band 2 Antenas Usb 3.0 Conectar Equipos De Hogar Y Empresas Gtia Oficial  Factura A Y B - MLA430901 - Routers
MLA901157460 - Notebook Dell Latitude I7 3510 16gb 256ssd + 480ssd Gf W10p - MLA1652 - Notebooks
MLA835638608 - Sg250-50-k9-ar Cisco Sg250-50 50-port Gigabit Smart Switch - MLA1708 - Switches
MLA609113448 - Ups Apc 650va Back 3 Tomas Estabilizador Y Protector De Tension Con Ahorro De Energia Gtia Oficial Bx650 - MLA1720 - UPS
MLA838040863 - Ups Apc Bv1000i 1000va Para Pc Gamer Simil Bx1100 - MLA1720 - UPS
MLA837856975 - Notebook Laptop Dell Inspiron I5 10g 32g 256gb Win10 Ram - MLA1652 - Notebooks
MLA648748378 - Ups Online Apc Smart Srv10ki 10000va 10kvi 230v 2años - MLA1720 - UPS
MLA723755010 - Ups Apc Br1500g-ar 1500va Estabilizador Ideal Gamer  - MLA1720 - UPS
MLA763412389 - Monitor Dell Touch P2418ht Profesional 24 Pulgadas Hdmi Vga - MLA14407 - Monitores
MLA897948954 - Notebook Dell Vostro I5 15.6 20g 1tb + 480ssd  Ubuntu Ñ - MLA1652 - Notebooks
MLA838987404 - Router Wifi Linksys Dual Band Wireless Gtia Oficial - MLA430901 - Routers
MLA620157679 - Ups Apc Smt1000i 1000v 6 Tm Estabilizador Smt1000 - MLA1720 - UPS
MLA837789459 - Notebook Laptot Dell I3 16gb 1tb Win10 Oferta  - MLA1652 - Notebooks
MLA608914689 - Ups Apc Br1200g Ar 1200va Estabilizador Br1200 Gtia 2 Años - MLA1720 - UPS
MLA901188774 - Notebook Dell Latitude I7 3510 32gb 256ssd + 480ssd Gf W10p - MLA1652 - Notebooks
MLA884563109 - Router Smart Wifi Doble Banda Ac1200+ Linksys Ea6350 Oferta - MLA430901 - Routers
MLA897956071 - Notebook Dell Vostro I3 15.6 12g 1tb + 480ssd Ubuntu  Ñ - MLA1652 - Notebooks
MLA878848679 - Notebook Laptop Dell Inspiron I5 10g 16g 256gb + 1tb Ubu - MLA1652 - Notebooks
MLA897947985 - Notebook Dell Vostro I5 15.6 32 Gb 1tb + 480ssd  Ubuntu Ñ - MLA1652 - Notebooks
MLA878840913 - Notebook Laptop Dell Inspiron I5 10g 8g 256gb Ubuntu - MLA1652 - Notebooks
MLA793140810 - Switch 8 Bocas Cisco Sf110d-08 Puertos 10/100mbps - MLA1708 - Switches
MLA881144477 - Notebook Laptop Dell Inspiron I3 12gb 1tb + 240ssd 14 Ubu - MLA1652 - Notebooks
MLA884563116 - Router Linksys Ea7450 Max-stream Ac1900 Mu-mimo Giga Oferta - MLA430901 - Routers
MLA763792337 - Cisco Access Point Wap125 Single Band Wap125-a-k9-ar - MLA430901 - Routers
MLA896792299 - Notebook Laptop Dell Inspiron I3 8gb 1tb Ubuntu - MLA1652 - Notebooks
MLA715027974 - Switch Cisco Sf350 48p Administrable Sf350-48p Poe - MLA1708 - Switches
MLA896790812 - Notebook Laptop Dell Inspiron I3 8gb 1tb + 240ssd Ubuntu - MLA1652 - Notebooks
MLA678997280 - Ups Apc Bx550ci-ar 550va 3 Tomas Garantía 2 Años Oferta - MLA1720 - UPS
MLA680918722 - Notebook Dell Inspiron I5 16gb 256ssd Win 10 Gforce Oferta - MLA1652 - Notebooks
MLA696559462 - Ups Apc Smart Xl Srt3000xli 3000va 230v Online Oferta - MLA1720 - UPS
MLA846968526 - Ups Apc Bv1000 Estabilza Y Protege Tensión Entrega Inmediata - MLA1720 - UPS
MLA897946944 - Notebook Dell Vostro I5 15.6 8g 1tb + 480ssd  Ubuntu Ñ - MLA1652 - Notebooks
MLA837857613 - Notebook Laptop Dell Inspiron I5 10g 16g 256gb W10 Ram Ctas - MLA1652 - Notebooks
MLA624850726 - Bateria Apc Back-ups Pro External Pack Br24bpg Para Br1500g - MLA9566 - Baterías para UPS
MLA878110165 - Notebook Laptop Dell Inspiron I5 16g 256ssd + 240ssd Ubuntu - MLA1652 - Notebooks
MLA689272635 - Escaner Kodak Scanmate I940 Portatil Duplex Adf 20ppm Oferta - MLA72721 - Scanners
MLA711874339 - Ups Apc Bx1100ci 1100va 6 Tomas Estabilizador Y Protector De Tension Gtia Oficial Para Pc Gamer Con Ahorro De Energia - MLA1720 - UPS
MLA794974655 - Ups Apc Bv800i-ar 800v 4t Estabilizador Pc Gamer Simil Bx800 - MLA1720 - UPS
MLA678026922 - Switch Cisco Sf110-24 24 Puertos 10/100 Rackeable No Adm - MLA1708 - Switches
MLA884561695 - Router Linksys Ea7450 Max-stream Ac1900 Mu-mimo Giga Oferta - MLA430901 - Routers
MLA881144299 - Notebook Laptop Dell Inspiron I5 16g 256ssd + 1tb W10 - MLA1652 - Notebooks
MLA826943825 - Notebook Dell Vostro I5 8gb Ssd 256gb 13,3 Fhd Cuotas - MLA1652 - Notebooks
MLA861494565 - Ups Apc Bv800 - Protege Tus Equipos Con Apc - MLA1720 - UPS
MLA834503952 - Notebook Laptop Dell Inspiron I5 10g 16g 256gb Ubuntu Oferta - MLA1652 - Notebooks
MLA665048554 - Escaner Kodak Scanmate I940 Portatil De Mano Duplex 20ppm - MLA72721 - Scanners
MLA878194943 - Notebook I7 Dell Latitude 32gb 256ssd Win10 Pro Oferta Ram - MLA1652 - Notebooks
MLA881142475 - Notebook Laptop Dell Inspiron I5 16g 256ssd + 240sssd W10 - MLA1652 - Notebooks
MLA701426348 - Notebook Laptop I3 Dell Inspiron 8gb 1tb 14  Win 10 Teclado Con Ñ Gtia De Tienda Oficial - Factura A Y B Gamer - MLA1652 - Notebooks
MLA846971858 - Ups Apc 800va 4t Gtia Entrega Inmediata Estabiliza Y Protege - MLA1720 - UPS
MLA678685394 - Notebook Dell I3 8gb 1tb + 240ssd 14 Win10 Ram Oferta - MLA1652 - Notebooks
MLA878848045 - Notebook Laptop Dell Inspiron I5 10g 24g 256gb Ubuntu - MLA1652 - Notebooks
MLA669761931 - Notebook Dell Latitude I5 8gb 256ssd 14 Win10 Profesional - Ideal Para Pymes Con Garantia Oficial De 3 Años - MLA1652 - Notebooks
MLA897952230 - Notebook Dell Vostro I3 15.6 12gb 1tb + 240ssd Ubuntu Ñ - MLA1652 - Notebooks
MLA693163642 - Notebook Dell I5 16gb 1tb + Ssd Windows 10 - MLA1652 - Notebooks
MLA687925263 - Notebook Laptop Dell Inspiron I5 10g 8g 256ssd Win10 Oferta - MLA1652 - Notebooks
MLA739200576 - Notebook Dell Latitude I5 16gb 256gb Ssd Win10p Oferta Ram - MLA1652 - Notebooks
MLA881142768 - Notebook Laptop Dell Vostro I5 16gb 1tb + 240ssd 14 Win - MLA1652 - Notebooks
MLA752633968 - Notebook Dell Vostro I5 8gb Ssd 256gb 13,3 Fhd Win10 Pro - MLA1652 - Notebooks
MLA755854105 - Switch Dell X1026p L2 Adm 24p + 2sfp Poe - MLA1708 - Switches
MLA881143837 - Notebook Laptop Dell Inspiron I5 24g 256ssd + 480sssd W10 - MLA1652 - Notebooks
MLA836303021 - Notebook Dell Latitude I5 16gb 256ssd 14 Win10 Pro Ram - MLA1652 - Notebooks
MLA714580671 - Switch Cisco Sg250-26p Small Business 24 P Poe+ Sg250-26p-k9 - MLA1708 - Switches
MLA878634067 - Ups Apc Bv800i - Ahora En Cuotas Sin Interes - MLA1720 - UPS
MLA677347584 - Notebook Dell Inspiron I3 8gb 1tb 14 Win 10 Teclado Con Ñ Garantia De Tienda Oficial - Factura A Y B Ram - MLA1652 - Notebooks
MLA750118968 - Notebook I7 Dell Latitude 16gb 256ssd Win10 Pro Oferta Ram - MLA1652 - Notebooks
MLA834851020 - Notebook Laptop Dell Inspiron I5 16g 256ssd Ubu Ram Cuotas - MLA1652 - Notebooks
MLA837513677 - Bateria Apc Srt192bp2 Smart Srt 192v 8kva 10kva Battery Pack - MLA9566 - Baterías para UPS
MLA870135010 - Notebook Laptot Dell I3 16gb 1tb Win10 Oferta  - MLA1652 - Notebooks
MLA878050144 - Notebook Laptop Dell Inspiron I5 10g 8g 256gb + 480 Ubu Ctas - MLA1652 - Notebooks
MLA885735632 - Ups Apc Easy Srv6kril Autonomía Extendida - MLA1720 - UPS
MLA873122629 - Ups Apc Smt3000i-ar 3000v 6 Tm Estabilizador Reem Sua3000i - MLA1720 - UPS
MLA677347202 - Notebook Dell Inspiron I3 8g 1tb + Ssd 240gb Win10 En Cuotas - MLA1652 - Notebooks
MLA762982740 - Notebook Dell Latitude I7 8gb 1tb Win 10 Pro Teclado Ñ - MLA1652 - Notebooks
MLA803069253 - Monitor Dell 24 Profesional P2419h - Modelo Nuevo! Ex-p2417h - MLA14407 - Monitores
MLA809342121 - Unidad Imagen Lexmark Linea Mb/b 60000p 56f0z00 - MLA3560 - Tóners
MLA878088243 - Notebook Laptop Dell Inspiron I5 16g 256ssd + 1tb Ubu Ctas - MLA1652 - Notebooks
MLA884243660 - Notebook Dell G5 Ryzen 7 16gb 512ssd Rx5600 Win10 - MLA1652 - Notebooks
MLA749679267 - Notebook Dell Latitude I5 4gb 1tb 14 Win 10 Pro Cuotas - MLA1652 - Notebooks
MLA881142457 - Notebook Laptop Dell Inspiron I5 10g 32g 256ssd Win10 Oferta - MLA1652 - Notebooks
MLA901279306 - Notebook Dell Insp Amd Ryzen 5 8gb 256ssd + 500gb 15,6 W10 - MLA1652 - Notebooks
MLA881143251 - Notebook Dell Inspiron I5 256ssd 12gb W10 - MLA1652 - Notebooks
MLA885737909 -  Apc Netbotz Rack Monitor 250 Nbrk0250 - MLA1722 - Otros
MLA881143286 - Notebook Dell Inspiron I5 256ssd 12gb W10 - MLA1652 - Notebooks
MLA837545898 - Switch Cisco Sf350 48p Administrable Sf350-48p Poe - MLA1708 - Switches
MLA881143283 - Notebook Dell Inspiron I5 256ssd 8gb W10 - MLA1652 - Notebooks
MLA881142706 - Notebook Laptop Dell Vostro I5 8gb 1tb 14 Win - MLA1652 - Notebooks
MLA878633861 - Ups Apc Bv800i - Precio En Cuotas Sin Interes - MLA1720 - UPS
MLA664646853 - Notebook Laptop Dell Inspiron I5 10g 8g 256gb + 1tb Win10  - MLA1652 - Notebooks
MLA881144329 - Notebook Dell Inspiron I7 256ssd + 1tb 16gb 15.6 W10 Gf - MLA1652 - Notebooks
MLA896792789 - Notebook Laptop Dell Inspiron I3 12gb 1tb + 240ssd Ubuntu - MLA1652 - Notebooks
MLA896769087 - Notebook Laptop Dell Inspiron I3 32gb 1tb +240ssd 15.6 W10 - MLA1652 - Notebooks
MLA878850482 - Notebook Laptop Dell Inspiron I5 10g 24g 256gb + 1tb Ubu - MLA1652 - Notebooks
MLA896793224 - Notebook Laptop Dell Inspiron I3 4gb 1tb + 240ssd Ubuntu - MLA1652 - Notebooks
MLA896792795 - Notebook Laptop Dell Inspiron I3 16gb 1tb + 240ssd Ubuntu - MLA1652 - Notebooks
MLA881142828 - Notebook Laptop Dell Vostro I5 8gb 1tb + 480ssd 14 Win - MLA1652 - Notebooks
MLA762859662 - Switch Cisco Sb Semi Adm 24 Sf250-24 10/100 Sf250-24-k9-ar - MLA1708 - Switches
MLA685310679 - Switch 24p Cisco Sf112-24 10/100 + 2 G No Admin (ex Sf102) - MLA1708 - Switches
MLA885801566 - Monitor Dell E2220h Led 22 Negro 100v/240v Fhd - MLA14407 - Monitores
MLA881143395 - Notebook Dell Inspiron I5 256ssd + 1tb 16gb W10 - MLA1652 - Notebooks
MLA837513235 - Ups Apc Smt1500r2i Ar 1500v Estabilizador Reem. Sua1500rmi2u - MLA1720 - UPS
MLA726853355 - Switch Dell N2024 L3 Adm 24p 10/100/1000 Oferta - MLA1708 - Switches
MLA856608886 - Ups Srv6kil Apc 6kva Tiempo Extendido De Operación - MLA1720 - UPS
MLA882499195 - Notebook Dell Inspiron I5 256ssd + 480ssd 8gb W10 Gforce - MLA1652 - Notebooks
MLA677239433 - Notebook Dell Inspiron I3 4gb 1tb 14 Windows 10 - MLA1652 - Notebooks
MLA881143367 - Notebook Dell Inspiron I5 256ssd + 480ssd 16gb W10 - MLA1652 - Notebooks
MLA841536791 - Escaner Kodak Alaris E1035 35 Ppm Adf 80 Duplex 600 Dpi - MLA72721 - Scanners
MLA901291763 - Notebook Dell Vostro I3 15.6  4g 1tb Ubuntu Teclado Con Ñ - MLA1652 - Notebooks
MLA841537935 - Escaner Kodak Alaris E1035 35 Ppm Adf 80 Duplex 600 Dpi - MLA72721 - Scanners
MLA899919980 - Notebook Dell Latitude I7 3510 24gb 256ssd Geforce W10 Pro - MLA1652 - Notebooks
MLA763799830 - Switch Cisco Sb Adm L2 24 Sf350-24p 10/100 Poe Sf350-24p-k9 - MLA1708 - Switches
MLA881144474 - Notebook Laptop Dell Inspiron I3 8gb 1tb + 240ssd 14 Ubuntu  - MLA1652 - Notebooks
MLA701707521 - Switch Cisco Sg350-52p 52 Puertos Giga Poe Sg350-52p-k9 - MLA1708 - Switches
MLA881142735 - Notebook Dell Inspiron I7 256ssd + 1tb 32gb 15.6 W10 Gf - MLA1652 - Notebooks
MLA878850456 - Notebook Laptop Dell Inspiron I5 10g 12g 256gb + 1tb Ubu - MLA1652 - Notebooks
MLA881142810 - Notebook Laptop Dell Vostro I5 4gb 1tb + 480ssd 14 Win - MLA1652 - Notebooks
MLA901292048 - Notebook Dell Vostro I5 15.6 4g 1tb + 240ssd  Ubuntu Ñ - MLA1652 - Notebooks
MLA901250226 - Notebook Dell Inspiron Amd Ryzen 5 8gb 256gb 15,6 Win10 - MLA1652 - Notebooks
MLA882817852 - Notebook Laptop Dell Inspiron I5 10g 8g 256gb + 480ssd Ubu - MLA1652 - Notebooks
MLA837864161 - Notebook Dell I5 32gb 1tb + Ssd Windows 10 Ram Cuotas - MLA1652 - Notebooks
MLA878044353 - Notebook Laptop Dell Inspiron I5 10g 8g 256gb Ubuntu Cuotas - MLA1652 - Notebooks
MLA901281068 - Notebook Dell Inspiron Amd Ryzen 5 8gb 256ssd + 1tb 15,6 W10 - MLA1652 - Notebooks
MLA881141797 - Notebook Dell Inspiron I5 256ssd 8gb W10 - MLA1652 - Notebooks
MLA901277034 - Notebook Dell Insp Amd Ryzen 5 8gb 256ssd + 480ssd 15,6 W10 - MLA1652 - Notebooks
MLA835706653 - Switch Sg350x-24-k9-na 24 Cisco Sg350x-24 Giga - MLA1708 - Switches
MLA835655322 - Switch Cisco Sg350-28sfp 28p Gb Administrable 28 Puertos Sfp - MLA1708 - Switches
MLA896769972 - Notebook Laptop Dell Inspiron I3 12gb 1tb + 240 Ssd15.6 W10 - MLA1652 - Notebooks
MLA728580791 - Ups Apc Smt2200r2i 2200v Estabilizador Reemp. Sua2200rmi2u - MLA1720 - UPS
MLA881143219 - Notebook Laptop Dell Inspiron I3 20gb 1tb + 480ssd 14 Ubu - MLA1652 - Notebooks
MLA878846823 - Notebook Laptop Dell Inspiron I5 10g 16g 256gb Ubuntu - MLA1652 - Notebooks
MLA878044942 - Notebook Laptop Dell Inspiron I5 10g 8g 256gb + 1tb Ubuntu - MLA1652 - Notebooks
MLA878106702 - Notebook Laptop Dell Inspiron I5 16g 256ssd + 480ssd Ubuntu - MLA1652 - Notebooks
MLA836820423 - Switch Cisco Sg350-10mp Giga Poe+ Admin Sg350-10mp-k9-ar - MLA1708 - Switches
MLA897945838 - Notebook Dell Vostro I5 15.6 32 Gb 1tb + 480ssd  Ubuntu Ñ - MLA1652 - Notebooks
MLA881143390 - Notebook Dell Inspiron I5 256ssd + 1tb 12gb W10 - MLA1652 - Notebooks
MLA881144262 - Notebook Laptop Dell Inspiron I5 16g 256ssd + 480sssd W10 - MLA1652 - Notebooks
MLA608208322 - Ups Apc Smt2200i Ar 2200v 8 Tm Estabilizador Reem Sua2200i - MLA1720 - UPS
MLA881143289 - Notebook Dell Inspiron I5 256ssd 16gb W10 - MLA1652 - Notebooks
MLA897646525 - Monitor Dell 24 Profesional U2419h Ultrasharp Ex-u2412h - MLA14407 - Monitores
MLA609553916 - Ups Apc Smt2200r2i 2200v Estabilizador Reemp. Sua2200rmi2u - MLA1720 - UPS
MLA881143886 - Notebook Dell Inspiron I7 256ssd + 480ssd 16gb 15.6 W10 Gf - MLA1652 - Notebooks
MLA885802569 - Monitor Dell E2420h Led 24 Negro 100v/240v Fhd Dp Vga - MLA14407 - Monitores
MLA881145054 - Notebook Laptop Dell Inspiron I3 8gb 1tb 14 Ubuntu  - MLA1652 - Notebooks
MLA897764837 - Notebook Dell Vostro I5 15.6  32gb 1tb Ubuntu Teclado Con Ñ - MLA1652 - Notebooks
MLA897765442 - Notebook Dell Vostro I5 15.6  24gb 1tb Ubuntu Teclado Con Ñ - MLA1652 - Notebooks
MLA611147717 - Ups Apc Srt5kxli 5000va Online Reemplazo Surt5000xli - MLA1720 - UPS
MLA858766436 - Ups Online Srv10kil Apc Tiempo Extendido De Operación 10kva - MLA1720 - UPS
MLA881142705 - Notebook Dell Inspiron I7 256ssd + 480ssd 32gb 15.6 W10 Gf - MLA1652 - Notebooks
MLA881143999 - Notebook Dell Inspiron I5 256ssd 12gb W10 Gforce - MLA1652 - Notebooks
MLA640304149 - Bateria Apc Back-ups Pro External Pack Br24bpg Para Br1500g - MLA9566 - Baterías para UPS
MLA881144456 - Notebook Laptop Dell Inspiron I3 16gb 1tb 14 Ubuntu  - MLA1652 - Notebooks
MLA617932002 - Adaptador Linksys De Red Wireless Usb Ae1200 300n - MLA72718 - Adaptadores de Cables de Red
MLA882499105 - Notebook Dell Inspiron I5 256ssd + 480ssd 32gb W10 Gforce - MLA1652 - Notebooks
MLA896876093 - Notebook Dell Vostro I5 8gb Ssd 256gb 13,3 Fhd Win10 Pro - MLA1652 - Notebooks
MLA901120213 - Notebook Dell Latitude I7 3510 8gb 256ssd Geforce W10 Pro - MLA1652 - Notebooks
MLA881142879 - Notebook Laptop Dell Inspiron I3 4gb 1tb + 240ssd 14 Ubuntu  - MLA1652 - Notebooks
MLA897999977 - Notebook Dell Latitude 3510 15.6  I5 8gb 1tb  Ubuntu Oferta - MLA1652 - Notebooks
MLA901159165 - Notebook Dell Latitude I7 3510 16gb 256ssd + 1tb Gf Win10p - MLA1652 - Notebooks
MLA897944657 - Notebook Dell Vostro I5 15.6 4g 1tb + 240ssd  Ubuntu Ñ - MLA1652 - Notebooks
MLA881142405 - Notebook Laptop Dell Inspiron I5 10g 32g 256gb + 480ssd Ubu - MLA1652 - Notebooks
MLA675414829 - Switch 8 Bocas Cisco 8 Puertos 10/100mbps R/ Sd208 Para Hogar Y Empresa - Garantia Oficial - Factura A Y B - MLA1708 - Switches
MLA763789268 - Switch 24p Cisco Sg250-26 Giga 10/100/1000 Sg250-26-k9 - MLA1708 - Switches
MLA881141889 - Notebook Dell Inspiron I5 256ssd + 1tb 8gb W10 - MLA1652 - Notebooks
MLA881143471 - Notebook Laptop Dell Inspiron I5 10g 12g 256gb + 240ssd Ubu - MLA1652 - Notebooks
MLA881143574 - Notebook Laptop Dell Inspiron I5 10g 16g 256gb + 1tb Ubu - MLA1652 - Notebooks
MLA881143952 - Notebook Laptop Dell Inspiron I5 10g 8g 256gb + 240ssd Ubu - MLA1652 - Notebooks
MLA881141870 - Notebook Laptop Dell Inspiron I3 32gb 1tb + 480ssd 14 Ubu - MLA1652 - Notebooks
MLA881142688 - Notebook Laptop Dell Inspiron I5 12g 256ssd + 1tb W10 - MLA1652 - Notebooks
MLA881143992 - Notebook Laptop Dell Inspiron I5 10g 8g 256gb + 1tb Ubu - MLA1652 - Notebooks
MLA882456765 - Notebook Dell Inspiron I5 256ssd + 240ssd 12gb W10 Gforce - MLA1652 - Notebooks
MLA882499208 - Notebook Dell Inspiron I5 256ssd + 480ssd 12gb W10 Gforce - MLA1652 - Notebooks
MLA896767227 - Notebook Laptop Dell Inspiron I3 4gb 1tb + 240ssd 15.6 W10 - MLA1652 - Notebooks
MLA881141831 - Notebook Dell Inspiron I5 256ssd 32gb W10 - MLA1652 - Notebooks
MLA881142378 - Notebook Laptop Dell Inspiron I5 10g 16g 256gb + 240ssd Ubu - MLA1652 - Notebooks
MLA881142671 - Notebook Laptop Dell Inspiron I5 24g 256ssd + 480sssd W10 - MLA1652 - Notebooks
MLA881142748 - Notebook Dell Inspiron I7 256ssd + 480ssd 12gb 15.6 W10 Gf - MLA1652 - Notebooks
MLA881143352 - Notebook Laptop Dell Vostro I5 4gb 1tb + 240ssd 14 Win - MLA1652 - Notebooks
MLA881143373 - Notebook Dell Inspiron I5 256ssd + 1tb 32gb W10 - MLA1652 - Notebooks
MLA881143896 - Notebook Laptop Dell Inspiron I5 32g 256ssd + 1tb W10 - MLA1652 - Notebooks
MLA835763783 - Switch Cisco Full Adm Sg350x-48 Sg350x-48-k9 - MLA1708 - Switches
MLA835812610 - Switch Gestionable Cisco Sf352-08-k9-na 8 Puertos 10-100 - MLA1708 - Switches
MLA837533895 - Ups Apc 1000va Easy Ups 230v Kva Gtia Oficial Apc - MLA1720 - UPS
MLA881141849 - Notebook Dell Inspiron I5 256ssd + 240ssd 16gb W10 - MLA1652 - Notebooks
MLA881142449 - Notebook Laptop Dell Inspiron I5 10g 32g 256gb + 1tb Ubu - MLA1652 - Notebooks
MLA881143898 - Notebook Dell Inspiron I7 256ssd + 240ssd 12gb 15.6 W10 Gf - MLA1652 - Notebooks
MLA896794773 - Notebook Laptop Dell Inspiron I3 8gb 1tb + 480ssd Ubuntu - MLA1652 - Notebooks
MLA901190405 - Notebook Dell Latitude I7 3510 32gb 256ssd + 500gb Gf Win10p - MLA1652 - Notebooks
MLA607202460 - Ups Apc Smt1500i Ar 1500v 6 Tm Estabilizador Reemp Sua1500i - MLA1720 - UPS
MLA638800139 - Toner Lexmark 60f4x00 604x Mx510 Mx511 Mx610 Mx611 20000pag - MLA3560 - Tóners
MLA881141862 - Notebook Dell Inspiron I5 256ssd + 240ssd 32gb W10 - MLA1652 - Notebooks
MLA881143315 - Notebook Dell Inspiron I5 256ssd + 480ssd 32gb W10 - MLA1652 - Notebooks
MLA881143488 - Notebook Laptop Dell Inspiron I5 10g 32g 256gb + 240ssd Ubu - MLA1652 - Notebooks
MLA882445690 - Notebook Dell Inspiron I5 256ssd + 240ssd 8gb W10 Gforce - MLA1652 - Notebooks
MLA882519561 - Notebook Dell Inspiron I5 256ssd + 1tb 12gb W10 Gforce - MLA1652 - Notebooks
MLA882859115 - Notebook Dell Inspiron I5 256ssd + 240ssd 24gb W10 - MLA1652 - Notebooks
MLA896788999 - Notebook Laptop Dell Inspiron I3 4gb 1tb Ubuntu - MLA1652 - Notebooks
MLA837546672 - Switch 24p Cisco Sg350-28 10/100/1000 Sg350-28-k9 - MLA1708 - Switches
MLA881142270 - Notebook Dell Inspiron I5 256ssd + 240ssd 8gb W10 - MLA1652 - Notebooks
MLA881142429 - Notebook Dell Inspiron I5 16gb 256ssd W10 Gforce - MLA1652 - Notebooks
MLA881143305 - Notebook Dell Inspiron I5 256ssd + 480ssd 16gb W10 - MLA1652 - Notebooks
MLA881143375 - Notebook Dell Inspiron I5 256ssd + 480ssd 32gb W10 - MLA1652 - Notebooks
MLA881143996 - Notebook Laptop Dell Inspiron I5 10g 12g 256gb + 1tb Ubu - MLA1652 - Notebooks
MLA881144308 - Notebook Laptop Dell Inspiron I5 24g 256ssd + 1tb W10 - MLA1652 - Notebooks
MLA882496804 - Notebook Dell Inspiron I5 256ssd + 480ssd 32gb W10 Gforce - MLA1652 - Notebooks
MLA882499023 - Notebook Dell Inspiron I5 256ssd + 480ssd 8gb W10 Gforce - MLA1652 - Notebooks
MLA882858177 - Notebook Dell Inspiron I5 256ssd + 480ssd 24gb W10 - MLA1652 - Notebooks
MLA896795773 - Notebook Laptop Dell Inspiron I3 16gb 1tb + 480ssd Ubuntu - MLA1652 - Notebooks
MLA817037109 - Unidad Imagen Lexmark Linea Mb/ms/mx 60000p 56f0z00 - MLA3560 - Tóners
MLA824929193 - Toner Lexmark Original 504 1.500p Ms 310/610/415 Standard - MLA3560 - Tóners
MLA835811964 - Switch Gestionable Cisco Sf352-08-k9-na 8 Puertos 10-100 - MLA1708 - Switches
MLA881141879 - Notebook Laptop Dell Vostro I5 8gb 1tb 14 Win - MLA1652 - Notebooks
MLA881143326 - Notebook Dell Inspiron I5 256ssd + 1tb 12gb W10 - MLA1652 - Notebooks
MLA881143359 - Notebook Dell Inspiron I5 256ssd + 1tb 24gb W10 - MLA1652 - Notebooks
MLA881143983 - Notebook Laptop Dell Inspiron I5 10g 16g 256gb + 480ssd Ubu - MLA1652 - Notebooks
MLA882457646 - Notebook Dell Inspiron I5 256ssd + 240ssd 24gb W10 Gforce - MLA1652 - Notebooks
MLA882518706 - Notebook Dell Inspiron I5 256ssd + 1tb 24gb W10 Gforce - MLA1652 - Notebooks
MLA882819968 - Notebook Laptop Dell Inspiron I5 10g 8g 256gb + 480ssd Ubu - MLA1652 - Notebooks
MLA881142292 - Notebook Dell Inspiron I5 256ssd 32gb W10 - MLA1652 - Notebooks
MLA881143460 - Notebook Laptop Dell Inspiron I5 10g 32g 256gb Ubuntu - MLA1652 - Notebooks
MLA881143404 - Notebook Laptop Dell Vostro I5 4gb 1tb + 480ssd 14 Win - MLA1652 - Notebooks
MLA881143454 - Notebook Laptop Dell Inspiron I5 10g 24g 256gb Ubuntu - MLA1652 - Notebooks
MLA881143640 - Notebook Laptop Dell Inspiron I5 32g 256ssd + 240sssd W10 - MLA1652 - Notebooks
MLA881144023 - Notebook Laptop Dell Inspiron I5 10g 24g 256gb + 1tb Ubu - MLA1652 - Notebooks
MLA897996918 - Notebook Dell Latitude 3510 15.6 I5 12gb 1tb  Ubuntu Oferta - MLA1652 - Notebooks
MLA671612107 - Ups Apc Smt1500i Ar 1500v 6 Tm Estabilizador Reemp Sua1500i - MLA1720 - UPS
MLA700059684 - Switch Cisco Sg350-52 Sb Managed 50p Sg350-52-k9 - MLA1708 - Switches
MLA881142340 - Notebook Laptop Dell Vostro I5 16gb 1tb + 480ssd 14 Win - MLA1652 - Notebooks
MLA881143482 - Notebook Laptop Dell Inspiron I5 10g 24g 256gb + 240ssd Ubu - MLA1652 - Notebooks
MLA881144086 - Notebook Laptop Dell Inspiron I5 24g 256ssd + 240sssd W10 - MLA1652 - Notebooks
MLA882456751 - Notebook Dell Inspiron I5 256ssd + 240ssd 12gb W10 Gforce - MLA1652 - Notebooks
MLA896768596 - Notebook Laptop Dell Inspiron I3 8gb 1tb + 240ssd 15.6 W10  - MLA1652 - Notebooks
MLA897967279 - Notebook Dell Latitude 3510 15.6  I5 4gb 1tb  Ubuntu Oferta - MLA1652 - Notebooks
MLA901122230 - Notebook Dell Latitude I7 3510 8gb 256ssd + 240ssd Gf W10pro - MLA1652 - Notebooks
MLA837547629 - Switch Cisco Sf110d-16 16 Puertos 10/100 Escritorio - MLA1708 - Switches
MLA881143299 - Notebook Dell Inspiron I5 256ssd + 480ssd 12gb W10 - MLA1652 - Notebooks
MLA896793667 - Notebook Laptop Dell Inspiron I3 4gb 1tb + 480ssd Ubuntu - MLA1652 - Notebooks
MLA714624323 - Switch 24p Cisco Sg350-28 10/100/1000 Sg350-28-k9 - MLA1708 - Switches
MLA881142263 - Notebook Dell Inspiron I5 256ssd 24gb W10 - MLA1652 - Notebooks
MLA881142441 - Notebook Dell Inspiron I5 256ssd 24gb W10 Gforce - MLA1652 - Notebooks
MLA881143256 - Notebook Dell Inspiron I5 256ssd 16gb W10 - MLA1652 - Notebooks
MLA881143425 - Notebook Laptop Dell Vostro I5 32gb 1tb + 480ssd 14 Win - MLA1652 - Notebooks
MLA882457760 - Notebook Dell Inspiron I5 256ssd + 240ssd 32gb W10 Gforce - MLA1652 - Notebooks
MLA896767447 - Notebook Laptop Dell Inspiron I3 4gb 1tb 15.6 Win 10 Letra Ñ - MLA1652 - Notebooks
MLA897999066 - Notebook Dell Latitude 3510 15.6 I5 32gb 1tb  Ubuntu Oferta - MLA1652 - Notebooks
MLA901121437 - Notebook Dell Latitude I7 3510 8gb 256ssd + 480ssd Gf W10pro - MLA1652 - Notebooks
MLA763799265 - Switch Cisco Sb Semi Adm 24 Sf250-24 10/100 Sf250-24-k9-ar - MLA1708 - Switches
MLA881142329 - Notebook Laptop Dell Vostro I5 32gb 1tb + 240ssd 14 Win - MLA1652 - Notebooks
MLA881143276 - Notebook Dell Inspiron I5 256ssd + 240ssd 12gb W10 - MLA1652 - Notebooks
MLA881143294 - Notebook Dell Inspiron I5 256ssd + 480ssd 8gb W10 - MLA1652 - Notebooks
MLA881143381 - Notebook Laptop Dell Vostro I5 16gb 1tb + 240ssd 14 Win - MLA1652 - Notebooks
MLA881143533 - Notebook Laptop Dell Inspiron I5 10g 24g 256gb + 480ssd Ubu - MLA1652 - Notebooks
MLA882458720 - Notebook Dell Inspiron I5 256ssd + 240ssd 32gb W10 Gforce - MLA1652 - Notebooks
MLA896769073 - Notebook Laptop Dell Inspiron I3 16gb 1tb 15.6 Win 10 Letrañ - MLA1652 - Notebooks
MLA838738346 - Switch Cisco Sg350x-24p 24 Port Gigabit Poe Stackable - MLA1708 - Switches
MLA882457020 - Notebook Dell Inspiron I5 256ssd + 240ssd 16gb W10 Gforce - MLA1652 - Notebooks
MLA882496709 - Notebook Dell Inspiron I5 256ssd + 480ssd 16gb W10 Gforce - MLA1652 - Notebooks
MLA882499042 - Notebook Dell Inspiron I5 256ssd + 480ssd 12gb W10 Gforce - MLA1652 - Notebooks
MLA882499090 - Notebook Dell Inspiron I5 256ssd + 480ssd 24gb W10 Gforce - MLA1652 - Notebooks
MLA896768249 - Notebook Laptop Dell Inspiron I3 32gb 1tb + 480ssd 15.6 W10 - MLA1652 - Notebooks
MLA896797219 - Notebook Laptop Dell Inspiron I3 12gb 1tb + 480ssd Ubuntu - MLA1652 - Notebooks
MLA901120391 - Notebook Dell Latitude I7 3510 8gb 256ssd + 500gb Gf W10pro - MLA1652 - Notebooks
MLA817037127 - Unidad Imagen Lexmark Linea Mb/mx/ms 60000p 56f0z00 - MLA3560 - Tóners
MLA835642174 - Switch Cisco Sg250x-48 Gigabit De 48 Puertos 10 Gigabit - MLA1708 - Switches
MLA881142342 - Notebook Laptop Dell Vostro I5 20gb 1tb + 480ssd 14 Win - MLA1652 - Notebooks
MLA882457643 - Notebook Dell Inspiron I5 256ssd + 240ssd 24gb W10 Gforce - MLA1652 - Notebooks
MLA882858212 - Notebook Dell Inspiron I5 256ssd + 240ssd 24gb W10 - MLA1652 - Notebooks
MLA896767235 - Notebook Laptop Dell Inspiron I3 16gb 1tb + 480ssd 15.6 W10 - MLA1652 - Notebooks
MLA896767458 - Notebook Laptop Dell Inspiron I3 4gb 1tb + 480ssd 15.6 W10 - MLA1652 - Notebooks
MLA896768589 - Notebook Laptop Dell Inspiron I3 8gb 1tb + 480ssd 15.6 W10 - MLA1652 - Notebooks
MLA897996800 - Notebook Dell Latitude 3510 15.6  I5 8gb 1tb  Ubuntu Oferta - MLA1652 - Notebooks
MLA898090357 - Notebook Dell Latitude 3510 15.6  I5 16gb 1tb  Ubuntu Oferta - MLA1652 - Notebooks
MLA881142327 - Notebook Laptop Dell Vostro I5 20gb 1tb + 240ssd 14 Win - MLA1652 - Notebooks
MLA897999953 - Notebook Dell Latitude 3510 15.6 I5 32gb 1tb  Ubuntu Oferta - MLA1652 - Notebooks
MLA737727970 - Switch 48p Cisco Sf350-48 10/100 Managed Adm Sf350-48-k9 - MLA1708 - Switches
MLA837545980 - Switch Cisco Sg250-26p Small Business 24 P Poe+ Sg250-26p-k9 - MLA1708 - Switches
MLA896768242 - Notebook Laptop Dell Inspiron I3 16gb 1tb +240 Ssd 15.6 W10 - MLA1652 - Notebooks
MLA896769091 - Notebook Laptop Dell Inspiron I3 4gb 1tb + 480ssd 15.6 W10 - MLA1652 - Notebooks
MLA896769969 - Notebook Laptop Dell Inspiron I3 32gb 1tb 15.6 Win 10 Letrañ - MLA1652 - Notebooks
MLA835642504 - Switch Cisco 10 Port Gigabit Managed Sg350-10-k9 Sg350 - MLA1708 - Switches
MLA835707456 - Switch Sg350x-24-k9-na 24 Cisco Sg350x-24 Giga - MLA1708 - Switches
MLA835813785 - Switch Cisco Sg220-26p Smart Plus 26 Puertos Giga Poe Admin - MLA1708 - Switches
MLA896767239 - Notebook Laptop Dell Inspiron I3 24gb 1tb + 480ssd 15.6 W10 - MLA1652 - Notebooks
MLA896768571 - Notebook Laptop Dell Inspiron I3 12gb 1tb 15.6 Win 10 Letrañ - MLA1652 - Notebooks
MLA896768575 - Notebook Laptop Dell Inspiron I3 16gb 1tb 15.6 Win 10 Letrañ - MLA1652 - Notebooks
MLA896768591 - Notebook Laptop Dell Inspiron I3 12gb 1tb + 240 Ssd15.6 W10 - MLA1652 - Notebooks
MLA896769169 - Notebook Laptop Dell Inspiron I3 8gb 1tb 15.6 Win 10 Letra Ñ - MLA1652 - Notebooks
MLA896769176 - Notebook Laptop Dell Inspiron I3 24gb 1tb + 480ssd 15.6 W10 - MLA1652 - Notebooks
MLA896791846 - Notebook Laptop Dell Inspiron I3 24gb 1tb + 240ssd Ubuntu - MLA1652 - Notebooks
MLA835710639 - Switch Sg350x-24-k9-na 24poe Cisco Sg350x-24 Giga - MLA1708 - Switches
MLA836821128 - Switch Cisco Sg350-10mp Giga Poe+ Admin Sg350-10mp-k9-ar - MLA1708 - Switches
MLA885737743 - Sensor De Humo Netbotz Nbes0307 Apc Espacios De Ti. - MLA1722 - Otros
MLA896767456 - Notebook Laptop Dell Inspiron I3 4gb 1tb + 240ssd 15.6 W10 - MLA1652 - Notebooks
MLA896768584 - Notebook Laptop Dell Inspiron I3 32gb 1tb 15.6 Win 10 Letrañ - MLA1652 - Notebooks
MLA896769075 - Notebook Laptop Dell Inspiron I3 24gb 1tb 15.6 Win 10 Letrañ - MLA1652 - Notebooks
MLA896769095 - Notebook Laptop Dell Inspiron I3 12gb 1tb + 480ssd 15.6 W10 - MLA1652 - Notebooks
MLA896793222 - Notebook Laptop Dell Inspiron I3 16gb 1tb Ubuntu - MLA1652 - Notebooks
MLA897997943 - Notebook Dell Latitude 3510 15.6 I5 20gb 1tb  Ubuntu Oferta - MLA1652 - Notebooks
MLA897999997 - Notebook Dell Latitude 3510 15.6 I5 20gb 1tb  Ubuntu Oferta - MLA1652 - Notebooks
MLA885737847 - Sensor De Fluido Netbotz Nbes0301 Apc - MLA1722 - Otros
MLA896768602 - Notebook Laptop Dell Inspiron I3 24gb 1tb + 240ssd 15.6 W10 - MLA1652 - Notebooks
MLA896769172 - Notebook Laptop Dell Inspiron I3 24gb 1tb 15.6 Win 10 Letrañ - MLA1652 - Notebooks
MLA896769178 - Notebook Laptop Dell Inspiron I3 32gb 1tb + 480ssd 15.6 W10 - MLA1652 - Notebooks
MLA896787188 - Notebook Laptop Dell Inspiron I3 32gb 1tb Ubuntu - MLA1652 - Notebooks
MLA896796930 - Notebook Laptop Dell Inspiron I3 24gb 1tb Ubuntu - MLA1652 - Notebooks
MLA897997934 - Notebook Dell Latitude 3510 15.6 I5 12gb 1tb  Ubuntu Oferta - MLA1652 - Notebooks
MLA898091566 - Notebook Dell Latitude 3510 15.6  I5 16gb 1tb  Ubuntu Oferta - MLA1652 - Notebooks
MLA900687782 - Notebook Dell Vostro I3 15.6 4g 1tb Ubuntu Teclado Con Ñ - MLA1652 - Notebooks
MLA901293437 - Notebook Laptop Dell Inspiron I3 4gb 1tb 14 Ubuntu  - MLA1652 - Notebooks
MLA901293454 - Notebook Laptop Dell Inspiron I3 12gb 1tb 14 Ubuntu  - MLA1652 - Notebooks
MLA685311201 - Switch 24p Cisco Sf112-24 10/100 + 2 G No Admin (ex Sf102) - MLA1708 - Switches
MLA835711179 - Switch Sg350x-24-k9-na 24poe Cisco Sg350x-24 Giga - MLA1708 - Switches
MLA838738764 - Switch Cisco Sg350x-24p 24 Port Gigabit Poe Stackable - MLA1708 - Switches
MLA896767462 - Notebook Laptop Dell Inspiron I3 16gb 1tb + 480ssd 15.6 W10 - MLA1652 - Notebooks
MLA896769098 - Notebook Laptop Dell Inspiron I3 24gb 1tb + 240ssd 15.6 W10 - MLA1652 - Notebooks
MLA901291564 - Notebook Dell Vostro I5 15.6  20gb 1tb Ubuntu Teclado Con Ñ - MLA1652 - Notebooks
MLA901291791 - Notebook Dell Vostro I3 15.6  12g 1tb Ubuntu Teclado Con Ñ - MLA1652 - Notebooks
MLA901292335 - Notebook Dell Vostro I3 15.6  20g 1tb Ubuntu Teclado Con Ñ - MLA1652 - Notebooks
MLA901293466 - Notebook Laptop Dell Inspiron I3 8gb 1tb 14 Ubuntu  - MLA1652 - Notebooks
MLA835764546 - Switch Cisco Full Adm Sg350x-48 Sg350x-48-k9 - MLA1708 - Switches
MLA896566374 - Switch Cisco Sf500-48 10/100 48p Adm Stack Sf500-48-k9 - MLA1708 - Switches
MLA896768587 - Notebook Laptop Dell Inspiron I3 32gb 1tb +240ssd 15.6 W10 - MLA1652 - Notebooks
MLA896768597 - Notebook Laptop Dell Inspiron I3 12gb 1tb + 480ssd 15.6 W10 - MLA1652 - Notebooks
MLA896768601 - Notebook Laptop Dell Inspiron I3 16gb 1tb +240 Ssd 15.6 W10 - MLA1652 - Notebooks
MLA896791851 - Notebook Laptop Dell Inspiron I3 32gb 1tb + 240ssd Ubuntu - MLA1652 - Notebooks
MLA896796661 - Notebook Laptop Dell Inspiron I3 24gb 1tb + 480ssd Ubuntu - MLA1652 - Notebooks
MLA896796669 - Notebook Laptop Dell Inspiron I3 32gb 1tb + 240ssd Ubuntu - MLA1652 - Notebooks
MLA897996841 - Notebook Dell Latitude 3510 15.6 I5 24gb 1tb  Ubuntu Oferta - MLA1652 - Notebooks
MLA898000004 - Notebook Dell Latitude 3510 15.6 I5 24gb 1tb  Ubuntu Oferta - MLA1652 - Notebooks
MLA900644213 - Notebook Dell Vostro I3 15.6  12g 1tb Ubuntu Teclado Con Ñ - MLA1652 - Notebooks
MLA901291812 - Notebook Dell Vostro I3 15.6 4g 1tb + 240ssd Ubuntu  Ñ - MLA1652 - Notebooks
MLA901292352 - Notebook Dell Vostro I3 15.6  24g 1tb Ubuntu Teclado Con Ñ - MLA1652 - Notebooks
MLA901292359 - Notebook Dell Vostro I3 15.6  32g 1tb Ubuntu Teclado Con Ñ - MLA1652 - Notebooks
MLA901292425 - Notebook Dell Vostro I3 15.6 24 Gb 1tb + 240ssd Ubuntu Ñ - MLA1652 - Notebooks
MLA698502469 - Switch Cisco Sf500-48 10/100 48p Adm Stack Sf500-48-k9 - MLA1708 - Switches
MLA835641399 - Switch Cisco Sg250x-48 Gigabit De 48 Puertos 10 Gigabit - MLA1708 - Switches
MLA901291842 - Notebook Dell Vostro I3 15.6 12gb 1tb + 240ssd Ubuntu Ñ - MLA1652 - Notebooks
MLA901291900 - Notebook Dell Vostro I3 15.6 20 Gb 1tb + 240ssd Ubuntu Ñ - MLA1652 - Notebooks
MLA901292365 - Notebook Dell Vostro I3 15.6 8gb 1tb + 240ssd Ubuntu Ñ - MLA1652 - Notebooks
MLA901293071 - Notebook Dell Vostro I5 15.6  32gb 1tb Ubuntu Teclado Con Ñ - MLA1652 - Notebooks
MLA897766171 - Notebook Dell Vostro I3 15.6  24g 1tb Ubuntu Teclado Con Ñ - MLA1652 - Notebooks
MLA896783549 - Notebook Laptop Dell Inspiron I3 12gb 1tb Ubuntu - MLA1652 - Notebooks
MLA870289103 - Wap571-b-k9 Access Point Cisco Wap571 -ac/n- Doble - MLA430901 - Routers
MLA881144204 - Notebook Dell Inspiron I7 256ssd 32gb 15.6 Win10 Gforce - MLA1652 - Notebooks
MLA901157719 - Notebook Dell Latitude I7 3510 16gb 256ssd + 500gb Gf Win10p - MLA1652 - Notebooks
MLA882455901 - Notebook Dell Inspiron I5 256ssd + 240ssd 16gb W10 Gforce - MLA1652 - Notebooks
MLA881143923 - Notebook Dell Inspiron I7 256ssd + 240ssd 32gb 15.6 W10 Gf - MLA1652 - Notebooks
MLA705245007 - Switch 48p Cisco Sf350-48 10/100 Managed Adm Sf350-48-k9 - MLA1708 - Switches
MLA878848461 - Notebook Laptop Dell Inspiron I5 10g 8g 256gb + 240ssd Ubu - MLA1652 - Notebooks
MLA881143843 - Notebook Laptop Dell Inspiron I5 16g 256ssd + 480sssd W10 - MLA1652 - Notebooks
MLA901140284 - Notebook Dell Latitude I7 3510 32gb 256ssd Geforce W10 Pro - MLA1652 - Notebooks
MLA882498903 - Notebook Dell Inspiron I5 256ssd + 480ssd 16gb W10 Gforce - MLA1652 - Notebooks
MLA882519754 - Notebook Dell Inspiron I5 256ssd + 1tb 12gb W10 Gforce - MLA1652 - Notebooks
MLA882444640 - Notebook Dell Inspiron I5 256ssd + 240ssd 8gb W10 Gforce - MLA1652 - Notebooks
MLA885734887 - Easy Ups Srv 10kva Apc 10000va 230v Rackeable - MLA1720 - UPS
MLA901150550 - Notebook Dell Latitude I7 3510 16gb 256ssd Geforce W10 Pro - MLA1652 - Notebooks
MLA615704747 - Bateria Externa Ups Apc Smart X 48v External Smx48rmbp2u Para Smx1000i Smx1500rmi2unc Smx750i Gtia Oficial Apc - MLA9566 - Baterías para UPS
MLA881143900 - Notebook Laptop Dell Vostro I5 12gb 1tb 14 Win - MLA1652 - Notebooks
MLA881143312 - Notebook Dell Inspiron I5 256ssd + 240ssd 12gb W10 - MLA1652 - Notebooks
MLA897953416 - Notebook Dell Vostro I3 15.6 32 Gb 1tb + 240ssd Ubuntu Ñ - MLA1652 - Notebooks
MLA881143937 - Notebook Laptop Dell Vostro I5 12gb 1tb + 240ssd 14 Win - MLA1652 - Notebooks
MLA696556577 - Ups Apc Smart Xl Srt2200xli 2200va 230v Online Oferta - MLA1720 - UPS
MLA897765440 - Notebook Dell Vostro I3 15.6  12g 1tb Ubuntu Teclado Con Ñ - MLA1652 - Notebooks
MLA605156090 - Bateria Apc Externa Surt48xlbp Smart- Ups P Surt1000/2000xli - MLA9566 - Baterías para UPS
MLA881142690 - Notebook Dell Inspiron I7 256ssd + 480ssd 12gb 15.6 W10 Gf - MLA1652 - Notebooks
MLA675414768 - Switch Cisco 8 Puertos Poe + 2 Sfp Gigabit Para Hogar Y Empresa - Garantia Oficial - MLA1708 - Switches
MLA896767217 - Notebook Laptop Dell Inspiron I3 8gb 1tb 15.6 Win 10 Letra Ñ - MLA1652 - Notebooks
MLA901291514 - Notebook Dell Vostro I5 15.6  8gb 1tb Ubuntu Teclado Con Ñ - MLA1652 - Notebooks
MLA881144062 - Notebook Laptop Dell Inspiron I5 24g 256ssd + 240sssd W10 - MLA1652 - Notebooks
MLA901291774 - Notebook Dell Vostro I3 15.6  8g 1tb Ubuntu Teclado Con Ñ - MLA1652 - Notebooks
MLA642723693 - Toner Lexmark 604 Mx310 Mx410 Mx511 Mx611 10.000 Paginas - MLA3560 - Tóners
MLA881144437 - Notebook Dell Inspiron I7 256ssd + 1tb 32gb 15.6 W10 Gf - MLA1652 - Notebooks
MLA881142313 - Notebook Dell Inspiron I5 256ssd + 480ssd 12gb W10 - MLA1652 - Notebooks
MLA881144497 - Notebook Laptop Dell Inspiron I3 16gb 1tb + 480ssd 14 Ubu - MLA1652 - Notebooks
MLA881143447 - Notebook Laptop Dell Inspiron I5 10g 16g 256gb Ubuntu - MLA1652 - Notebooks
MLA881142324 - Notebook Dell Inspiron I5 256ssd + 1tb 8gb W10 - MLA1652 - Notebooks
MLA878084620 - Notebook Laptop Dell Inspiron I5 8g 256ssd + 240ssd Ubuntu - MLA1652 - Notebooks
MLA881144362 - Notebook Dell Inspiron I5 256ssd 12gb W10 Gforce - MLA1652 - Notebooks
MLA901291548 - Notebook Dell Vostro I5 15.6  12gb 1tb Ubuntu Teclado Con Ñ - MLA1652 - Notebooks
MLA881142236 - Notebook Laptop Dell Inspiron I3 32gb 1tb + 480ssd 14 Ubu - MLA1652 - Notebooks
MLA897942803 - Notebook Dell Vostro I5 15.6 8g 1tb + 240ssd  Ubuntu Ñ - MLA1652 - Notebooks
MLA881145041 - Notebook Laptop Dell Vostro I5 20gb 1tb + 480ssd 14 Win - MLA1652 - Notebooks
MLA881143924 - Notebook Dell Inspiron I7 256ssd + 480ssd 8gb 15.6 W10 Gf - MLA1652 - Notebooks
MLA881145060 - Notebook Laptop Dell Inspiron I3 32gb 1tb 14 Ubuntu  - MLA1652 - Notebooks
MLA896788018 - Notebook Laptop Dell Inspiron I3 4gb 1tb Ubuntu - MLA1652 - Notebooks
MLA859896108 - Ups Apc Srv6ki 6000v 3t Easy Ups Srv 230v 1kva Rackeable - MLA1720 - UPS
MLA881141799 - Notebook Laptop Dell Inspiron I3 32gb 1tb 14 Ubuntu  - MLA1652 - Notebooks
MLA897947956 - Notebook Dell Vostro I5 15.6 24 Gb 1tb + 480ssd  Ubuntu Ñ - MLA1652 - Notebooks
MLA900689309 - Notebook Dell Vostro I3 15.6 8g 1tb Ubuntu Teclado Con Ñ - MLA1652 - Notebooks
MLA881144404 - Notebook Dell Inspiron I5 256ssd 32gb W10 Gforce - MLA1652 - Notebooks
MLA695378262 - Switch Cisco Sf110d-16 16 Puertos 10/100 Escritorio - MLA1708 - Switches
MLA881144392 - Notebook Dell Inspiron I7 256ssd + 480ssd 32gb 15.6 W10 Gf - MLA1652 - Notebooks
MLA881144481 - Notebook Laptop Dell Inspiron I3 16gb 1tb + 240ssd 14 Ubu - MLA1652 - Notebooks
MLA605605883 - Bateria Apc Externa Src96xlbp2s Smart-ups P/ Src2000/3000xli - MLA9566 - Baterías para UPS
MLA838046183 - Bateria Apc Externa Src96xlbp Smart-ups P/ Src2000/3000xli - MLA9566 - Baterías para UPS
MLA661833367 - Ups Apc Src3000xli Smart Rc 3000va Online Garantía 2 Años - MLA1720 - UPS
MLA627200593 - Rack Apc Netshelter Sx 42u Ar3100 Inside System - MLA417608 - Racks para Servidores
MLA837525002 - Bateria Apc Srt96bp Smart Srt3000 Ups - MLA1720 - UPS
MLA837511042 - Bateria Apc Srt96bp Smart Srt3000 Ups - MLA9566 - Baterías para UPS
MLA683158970 - Rack Apc Netshelter Sv 42u 600x1060 Ar2400fp1 Gabinete - MLA417608 - Racks para Servidores
MLA881142867 - Notebook Laptop Dell Inspiron I3 20gb 1tb 14 Ubuntu  - MLA1652 - Notebooks
MLA881143802 - Notebook Laptop Dell Inspiron I5 10g 8g 256ssd + 480sssd W10 - MLA1652 - Notebooks
MLA881145018 - Notebook Dell Inspiron I7 256ssd + 1tb 16gb 15.6 W10 Gf - MLA1652 - Notebooks
MLA881141771 - Notebook Laptop Dell Inspiron I3 4gb 1tb 14 Ubuntu  - MLA1652 - Notebooks
MLA896767232 - Notebook Laptop Dell Inspiron I3 8gb 1tb + 240ssd 15.6 W10  - MLA1652 - Notebooks
MLA878848711 - Notebook Laptop Dell Inspiron I5 10g 32g 256gb + 1tb Ubu - MLA1652 - Notebooks
MLA835656907 - Switch Cisco Sg350-28sfp 28p Gb Administrable 28 Puertos Sfp - MLA1708 - Switches
MLA881142489 - Notebook Dell Inspiron I7 256ssd 12gb 15.6 Win10 Gforce - MLA1652 - Notebooks
MLA878850439 - Notebook Laptop Dell Inspiron I5 10g 8g 256gb + 1tb Ubu - MLA1652 - Notebooks
MLA811276870 - Escaner Kodak S2040 Alta Velocidad 600dpi Duplex 5000 X Dia - MLA72721 - Scanners
MLA881142835 - Notebook Laptop Dell Vostro I5 16gb 1tb + 480ssd 14 Win - MLA1652 - Notebooks
MLA881141781 - Notebook Laptop Dell Inspiron I3 8gb 1tb 14 Ubuntu  - MLA1652 - Notebooks
MLA611163335 - Ups Apc Srt6kxli 6000va Online Reemplazo Surt6000xli - MLA1720 - UPS
MLA881141908 - Notebook Laptop Dell Vostro I5 12gb 1tb + 240ssd 14 Win - MLA1652 - Notebooks
MLA881144085 - Notebook Dell Inspiron I7 256ssd 16gb 15.6 Win10 Gforce - MLA1652 - Notebooks
MLA882519598 - Notebook Dell Inspiron I5 256ssd + 1tb 32gb W10 Gforce - MLA1652 - Notebooks
MLA881142692 - Notebook Laptop Dell Inspiron I5 24g 256ssd + 1tb W10 - MLA1652 - Notebooks
MLA701706294 - Switch Cisco Sg350-52p 52 Puertos Giga Poe Sg350-52p-k9 - MLA1708 - Switches
MLA701427188 - Notebook Dell Inspiron I3 8gb 1tb 14 Windows 10 Cuotas - MLA1652 - Notebooks
MLA882520890 - Notebook Dell Inspiron I5 256ssd + 1tb 16gb W10 Gforce - MLA1652 - Notebooks
MLA881142703 - Notebook Dell Inspiron I7 256ssd + 240ssd 8gb 15.6 W10 Gf - MLA1652 - Notebooks
MLA901122612 - Notebook Dell Latitude I7 3510 8gb 256ssd + 1tb Gf W10pro - MLA1652 - Notebooks
MLA897766184 - Notebook Dell Vostro I3 15.6  4g 1tb Ubuntu Teclado Con Ñ - MLA1652 - Notebooks
MLA811562918 - Smart Ups Online Apc Srv6ki 6000va 6kvi 230v 2 Años Gtia - MLA1720 - UPS
MLA678997610 - Ups Apc Bx650ci-ar 650va Back 3 Tomas Estabilizador Bx650 - MLA1720 - UPS
MLA901291469 - Notebook Dell Vostro I5 15.6 8g 1tb + 240ssd  Ubuntu Ñ - MLA1652 - Notebooks
MLA897764851 - Notebook Dell Vostro I3 15.6  24g 1tb Ubuntu Teclado Con Ñ - MLA1652 - Notebooks
MLA881142338 - Notebook Laptop Dell Vostro I5 8gb 1tb + 480ssd 14 Win - MLA1652 - Notebooks
MLA665049100 - Escaner Kodak Scanmate I940 20ppm 600dpi Bn-color - MLA72721 - Scanners
MLA884559394 - Router Wifi Linksys 5 Mesh Mr6350 Ac1300 Dual Band Oferta - MLA430901 - Routers
MLA897766177 - Notebook Dell Vostro I5 15.6  20gb 1tb Ubuntu Teclado Con Ñ - MLA1652 - Notebooks
MLA901257374 - Notebook Dell Insp Amd Ryzen 5 8gb 256ssd + 240ssd 15,6 W10 - MLA1652 - Notebooks
MLA633158971 - Ups Apc Smt1000r2i Ar 1000 Estabilizador Reemp. Sua1000rmi2u - MLA1720 - UPS
MLA881144093 - Notebook Laptop Dell Inspiron I5 10g 8g 256ssd + 480sssd W10 - MLA1652 - Notebooks
MLA881142731 - Notebook Dell Inspiron I7 256ssd + 1tb 24gb 15.6 W10 Gf - MLA1652 - Notebooks
MLA835586082 - Router Cisco Rv345p Vpn Wan Dual 16 Puertos Lan + 8 Poe - MLA430901 - Routers
MLA897956961 - Notebook Dell Vostro I3 15.6 32g 1tb + 480ssd Ubuntu  Ñ - MLA1652 - Notebooks
MLA897765438 - Notebook Dell Vostro I3 15.6  8g 1tb Ubuntu Teclado Con Ñ - MLA1652 - Notebooks
MLA901162150 - Notebook Lenovo Thinkbook I7 10ma 8gb Ssd 256gb 15.6 Oferta - MLA1652 - Notebooks
MLA899818639 - Notebook Dell Latitude I7 3510 4gb 256ssd Geforce W10 Pro - MLA1652 - Notebooks
MLA885812720 - Notebook Dell Latitude I7 12gb 1tb 14  Windows 10 Pro - MLA1652 - Notebooks
MLA881144389 - Notebook Dell Inspiron I5 256ssd 24gb W10 Gforce - MLA1652 - Notebooks
MLA838060552 - Bateria Apc Externa Src96xlbp Smart-ups P/ Src2000/3000xli - MLA1720 - UPS
MLA837853927 - Notebook Laptop Dell Inspiron I5 10g 8g 256ssd Win10 Cuotas - MLA1652 - Notebooks
MLA878049364 - Notebook Laptop Dell Inspiron I5 10g 8g 256gb + 480gb Ubuntu - MLA1652 - Notebooks
MLA835616820 - Switch Cisco Sg250 10p 8 Puertos Poe + 2 Sfp Gigabit  - MLA1708 - Switches
MLA897942853 - Notebook Dell Vostro I5 15.6 20gb 1tb + 240ssd  Ubuntu Ñ - MLA1652 - Notebooks
MLA837512001 - Ups Apc Srv3ki 3000v 3t Easy Ups Srv 230v 1kva Rackeable - MLA1720 - UPS
MLA897764852 - Notebook Dell Vostro I5 15.6  8gb 1tb Ubuntu Teclado Con Ñ - MLA1652 - Notebooks
MLA897765338 - Notebook Dell Vostro I5 15.6  4g 1tb Ubuntu Teclado Con Ñ - MLA1652 - Notebooks
MLA878844665 - Notebook Laptop Dell Inspiron I5 10g 12g 256gb Ubuntu - MLA1652 - Notebooks
MLA835639034 - Switch 24p Cisco Sg250-50 Giga 10/100/1000 Sg250-50p-k9 - MLA1708 - Switches
MLA728582192 - Ups Apc Smt3000i-ar 3000v 6 Tm Estabilizador Reem Sua3000i - MLA1720 - UPS
MLA838523465 - Notebook Dell Inspiron I5 256ssd + 480ssd 8gb 15.6 W10 - MLA1652 - Notebooks
MLA795523081 - Bateria Apc Srt192bp Smart Srt 192v 5kva 6kva Battery Pack - MLA9566 - Baterías para UPS
MLA897989964 - Notebook I5 Dell Latitude 24gb 256ssd Win10 Pro Oferta - MLA1652 - Notebooks
MLA835648693 - Switch 24p Cisco Sg350-28mp Poe+ 10/100/1000 Sg350-28mp-k9 - MLA1708 - Switches
MLA884560344 - Extensor Repetidor Wifi Doble Banda Ac1200 Linksys Re6500 - MLA430901 - Routers
MLA878108248 - Notebook Laptop Dell Inspiron I5 16g 256ssd + 480ssd Ubu Cta - MLA1652 - Notebooks
MLA901293309 - Notebook Dell Latitude I7 3510 4gb 256ssd Geforce W10 Pro - MLA1652 - Notebooks
MLA754985608 - Notebook I5 Dell Vostro 14 4gb 1tb Win 10 Pro Teclado Con Ñ Gtia De Tienda Oficial - Factura A Y B - MLA1652 - Notebooks
MLA897766186 - Notebook Dell Vostro I3 15.6  20g 1tb Ubuntu Teclado Con Ñ - MLA1652 - Notebooks
MLA897766189 - Notebook Dell Vostro I3 15.6  32g 1tb Ubuntu Teclado Con Ñ - MLA1652 - Notebooks
MLA897955367 - Notebook Dell Vostro I3 15.6 24g 1tb + 480ssd Ubuntu  Ñ - MLA1652 - Notebooks
MLA835638797 - Switch 24p Cisco Sg250-50 Giga 10/100/1000 Sg250-50p-k9 - MLA1708 - Switches
MLA795521317 - Bateria Apc Externa Src96xlbp2s Smart-ups P/ Src2000/3000xli - MLA1720 - UPS
MLA806876188 - Pdu Para Montaje Apc Basic Ap9565 16a 12c13 - MLA9913 - Cables de Alimentación
MLA897947555 - Notebook Dell Vostro I3 15.6 20 Gb 1tb + 240ssd Ubuntu Ñ - MLA1652 - Notebooks
MLA901291467 - Notebook Dell Vostro I5 15.6  4g 1tb Ubuntu Teclado Con Ñ - MLA1652 - Notebooks
MLA897765445 - Notebook Dell Vostro I5 15.6  32gb 1tb Ubuntu Teclado Con Ñ - MLA1652 - Notebooks
MLA612510430 - Ups Apc 6000 Va Easy Online Ups 230v Rack Gtia Oficial Apc - MLA1720 - UPS
MLA897942634 - Notebook Dell Vostro I5 15.6 20gb 1tb + 240ssd  Ubuntu Ñ - MLA1652 - Notebooks
MLA897942617 - Notebook Dell Vostro I5 15.6 12g 1tb + 240ssd  Ubuntu Ñ - MLA1652 - Notebooks
MLA899915815 - Notebook Dell Latitude I7 3510 24gb 256ssd Geforce W10 Pro - MLA1652 - Notebooks
MLA794979730 - Ups Apc Srv1ki 1000v 3tm Easy Ups Srv 230v Estabilizador - MLA1720 - UPS
MLA897955963 - Notebook Dell Vostro I3 15.6 32g 1tb + 480ssd Ubuntu  Ñ - MLA1652 - Notebooks
MLA897954088 - Notebook Dell Vostro I3 15.6 24 Gb 1tb + 240ssd Ubuntu Ñ - MLA1652 - Notebooks
MLA609552067 - Ups Apc Smt1000r2i Ar 1000 Estabilizador Reemp. Sua1000rmi2u - MLA1720 - UPS
MLA897944997 - Notebook Dell Vostro I5 15.6 24 Gb 1tb + 240ssd  Ubuntu Ñ - MLA1652 - Notebooks
MLA885738070 - Ups Apc Easy Srv 6000va C/batería C/rack - MLA1720 - UPS
MLA763111712 - Switch 24p Cisco Sg350-28mp Poe+ 10/100/1000 Sg350-28mp-k9 - MLA1708 - Switches
MLA814740765 - Notebook I7 Dell Latitude 16gb 256ssd Win10 Pro Ram Cuotas - MLA1652 - Notebooks
MLA897946608 - Notebook Dell Vostro I3 15.6 4g 1tb + 240ssd Ubuntu  Ñ - MLA1652 - Notebooks
MLA897942723 - Notebook Dell Vostro I5 15.6 32gb 1tb + 240 Ssd Ubuntu Ñ - MLA1652 - Notebooks
MLA897766175 - Notebook Dell Vostro I5 15.6  8gb 1tb Ubuntu Teclado Con Ñ - MLA1652 - Notebooks
MLA897942674 - Notebook Dell Vostro I5 15.6 24 Gb 1tb + 240ssd  Ubuntu Ñ - MLA1652 - Notebooks
MLA897946846 - Notebook Dell Vostro I3 15.6 32 Gb 1tb + 240ssd Ubuntu Ñ - MLA1652 - Notebooks
MLA885815855 - Notebook Dell Latitude I7 24gb 1tb 14  Windows 10 Pro - MLA1652 - Notebooks
MLA897945654 - Notebook Dell Vostro I3 15.6 24 Gb 1tb + 240ssd Ubuntu Ñ - MLA1652 - Notebooks
MLA763413007 - Monitor Dell Touch P2418ht Profesional 24 Ips Dp Hdmi Vga - MLA14407 - Monitores
MLA897952644 - Notebook Dell Vostro I3 15.6 4g 1tb + 480ssd Ubuntu Ñ - MLA1652 - Notebooks
MLA897947521 - Notebook Dell Vostro I3 15.6 12gb 1tb + 240ssd Ubuntu Ñ - MLA1652 - Notebooks
MLA897954876 - Notebook Dell Vostro I3 15.6 20g 1tb + 480ssd Ubuntu  Ñ - MLA1652 - Notebooks
MLA835869328 - Switch Cisco Sf220-24p Adm 24 Puertos Poe + 2 Giga + 2 Sfp - MLA1708 - Switches
MLA881145044 - Notebook Laptop Dell Vostro I5 32gb 1tb + 480ssd 14 Win - MLA1652 - Notebooks
MLA882498913 - Notebook Dell Inspiron I5 256ssd + 480ssd 24gb W10 Gforce - MLA1652 - Notebooks
MLA856616581 - Ups Apc Srv1kil 1000va Extra Duración Doble Conversion - MLA1720 - UPS
MLA897945700 - Notebook Dell Vostro I5 15.6 12g 1tb + 480ssd  Ubuntu Ñ - MLA1652 - Notebooks
MLA640537191 - Bateria Externa Ups Apc Smart X 48v External Smx48rmbp2u  - MLA9566 - Baterías para UPS
MLA881142639 - Notebook Laptop Dell Inspiron I5 12g 256ssd + 480sssd W10 - MLA1652 - Notebooks
MLA881143334 - Notebook Dell Inspiron I5 256ssd + 240ssd 32gb W10 - MLA1652 - Notebooks
MLA881143510 - Notebook Laptop Dell Inspiron I5 10g 12g 256gb + 480ssd Ubu - MLA1652 - Notebooks
MLA881143582 - Notebook Dell Inspiron I5 256ssd 32gb W10 Gforce - MLA1652 - Notebooks
MLA881144391 - Notebook Laptop Dell Vostro I5 32gb 1tb + 240ssd 14 Win - MLA1652 - Notebooks
MLA881144986 - Notebook Dell Inspiron I7 256ssd + 1tb 8gb 15.6 W10 Gf - MLA1652 - Notebooks
MLA885739147 - Supervisor Datacenter Apc Netbotz 455 Sensores Integrados - MLA1722 - Otros
MLA690957552 - Switch Cisco Sg350-52 Sb Managed 50p Sg350-52-k9 - MLA1708 - Switches
MLA881142300 - Notebook Laptop Dell Vostro I5 12gb 1tb 14 Win - MLA1652 - Notebooks
MLA881144064 - Notebook Laptop Dell Inspiron I5 12g 256ssd + 240sssd W10 - MLA1652 - Notebooks
MLA882518653 - Notebook Dell Inspiron I5 256ssd + 1tb 8gb W10 Gforce - MLA1652 - Notebooks
MLA882521453 - Notebook Dell Inspiron I5 256ssd + 1tb 24gb W10 Gforce - MLA1652 - Notebooks
MLA878046164 - Notebook Laptop Dell Inspiron I5 10g 8g 256gb + 1tb Ubu Ctas - MLA1652 - Notebooks
MLA881143280 - Notebook Laptop Dell Inspiron I3 32gb 1tb + 240ssd 14 Ubu - MLA1652 - Notebooks
MLA881144083 - Notebook Laptop Dell Inspiron I5 16g 256ssd + 240sssd W10 - MLA1652 - Notebooks
MLA881144984 - Notebook Laptop Dell Vostro I5 20gb 1tb + 240ssd 14 Win - MLA1652 - Notebooks
MLA881144490 - Notebook Laptop Dell Inspiron I3 8gb 1tb + 480ssd 14 Ubu - MLA1652 - Notebooks
MLA897953939 - Notebook Dell Vostro I3 15.6 12g 1tb + 480ssd Ubuntu  Ñ - MLA1652 - Notebooks
MLA897942832 - Notebook Dell Vostro I5 15.6 12g 1tb + 240ssd  Ubuntu Ñ - MLA1652 - Notebooks
MLA615798121 - Bateria Apc Srt192bp Smart Srt 192v 5kva 6kva Battery Pack - MLA9566 - Baterías para UPS
MLA881141860 - Notebook Laptop Dell Inspiron I3 16gb 1tb + 480ssd 14 Ubu - MLA1652 - Notebooks
MLA881143267 - Notebook Laptop Dell Inspiron I3 20gb 1tb + 240ssd 14 Ubu - MLA1652 - Notebooks
MLA881143340 - Notebook Dell Inspiron I5 256ssd + 1tb 16gb W10 - MLA1652 - Notebooks
MLA885803344 - Monitor Dell E2420h Led 24 Negro 100v/240v Fhd Dp Vga - MLA14407 - Monitores
MLA897947872 - Notebook Dell Vostro I5 15.6 8g 1tb + 480ssd  Ubuntu Ñ - MLA1652 - Notebooks
MLA837513757 - Ups Online Apc Smart Srv10ki 10000va 10kvi 230v 2años - MLA1720 - UPS
MLA881142698 - Notebook Dell Inspiron I7 256ssd + 480ssd 24gb 15.6 W10 Gf - MLA1652 - Notebooks
MLA881142713 - Notebook Dell Inspiron I7 256ssd + 240ssd 16gb 15.6 W10 Gf - MLA1652 - Notebooks
MLA881143860 - Notebook Dell Inspiron I7 256ssd + 240ssd 24gb 15.6 W10 Gf - MLA1652 - Notebooks
MLA881144056 - Notebook Laptop Dell Inspiron I5 10g 8g 256ssd + 240sssd W10 - MLA1652 - Notebooks
MLA881144300 - Notebook Dell Inspiron I7 256ssd 16gb 15.6 Win10 Gforce - MLA1652 - Notebooks
MLA882859079 - Notebook Dell Inspiron I5 256ssd + 480ssd 24gb W10 - MLA1652 - Notebooks
MLA896769963 - Notebook Laptop Dell Inspiron I3 12gb 1tb 15.6 Win 10 Letrañ - MLA1652 - Notebooks
MLA604202761 - Ups Apc Online Smart Srt1okxli 230v 10000va Doble Conversión - MLA1720 - UPS
MLA837552483 - Cisco Access Point Wap125 Single Band Wap125-a-k9-ar - MLA430901 - Routers
MLA881141900 - Notebook Laptop Dell Vostro I5 8gb 1tb + 240ssd 14 Win - MLA1652 - Notebooks
MLA740545794 - Ups Apc Br550g-ar Back-ups Pro 550va 230 Estabilizador Br550 - MLA1720 - UPS
MLA897766149 - Notebook Dell Vostro I5 15.6  4g 1tb Ubuntu Teclado Con Ñ - MLA1652 - Notebooks
MLA881142254 - Notebook Laptop Dell Inspiron I3 20gb 1tb 14 Ubuntu  - MLA1652 - Notebooks
MLA881142293 - Notebook Laptop Dell Vostro I5 4gb 1tb 14 Win - MLA1652 - Notebooks
MLA881143293 - Notebook Laptop Dell Inspiron I3 20gb 1tb + 480ssd 14 Ubu - MLA1652 - Notebooks
MLA897967993 - Notebook Dell Latitude 3510 15.6  I5 4gb 1tb  Ubuntu Oferta - MLA1652 - Notebooks
MLA857247324 - Switch Dell N1524 L3 Administrable 24 Puertos Poe + Gigabit - MLA1708 - Switches
MLA881143297 - Notebook Dell Inspiron I5 256ssd 24gb W10 - MLA1652 - Notebooks
MLA881144297 - Notebook Dell Inspiron I7 256ssd + 480ssd 8gb 15.6 W10 Gf - MLA1652 - Notebooks
MLA881144302 - Notebook Dell Inspiron I7 256ssd 24gb 15.6 Win10 Gforce - MLA1652 - Notebooks
MLA898699634 - Notebook Dell Vostro I3 15.6 16gb 1tb + 480ssd Ubuntu Ñ - MLA1652 - Notebooks
MLA706251998 - Router 4 Puertos Cisco Soporte Vpn Ipsec 10/100/1000 Gigabit Gtia Oficial - Factura A Y B - MLA430901 - Routers
MLA881141934 - Notebook Laptop Dell Inspiron I5 10g 12g 256gb Ubuntu - MLA1652 - Notebooks
MLA881142773 - Notebook Dell Inspiron I7 256ssd + 480ssd 24gb 15.6 W10 Gf - MLA1652 - Notebooks
MLA881142834 - Notebook Dell Inspiron I7 256ssd + 1tb 24gb 15.6 W10 Gf - MLA1652 - Notebooks
MLA885738526 - Supervisor Datacenter Apc Netbotz 355 Sensores Integrados - MLA1722 - Otros
MLA896769961 - Notebook Laptop Dell Inspiron I3 4gb 1tb 15.6 Win 10 Letra Ñ - MLA1652 - Notebooks
MLA767846278 - Switch Cisco Sb Adm L2 24 Sf350-24 10/100 Sf350-24-k9 - MLA1708 - Switches
MLA881141922 - Notebook Dell Inspiron I5 256ssd + 1tb 32gb W10 - MLA1652 - Notebooks
MLA882520584 - Notebook Dell Inspiron I5 256ssd + 1tb 8gb W10 Gforce - MLA1652 - Notebooks
MLA838060051 - Bateria Externa Ups Apc Smart X 48v External Smx48rmbp2u  - MLA9566 - Baterías para UPS
MLA881141791 - Notebook Laptop Dell Inspiron I3 16gb 1tb 14 Ubuntu  - MLA1652 - Notebooks
MLA881143348 - Notebook Dell Inspiron I5 256ssd + 480ssd 8gb W10 - MLA1652 - Notebooks
MLA882518692 - Notebook Dell Inspiron I5 256ssd + 1tb 16gb W10 Gforce - MLA1652 - Notebooks
MLA881141804 - Notebook Laptop Dell Inspiron I3 4gb 1tb + 240ssd 14 Ubuntu  - MLA1652 - Notebooks
MLA897954913 - Notebook Dell Vostro I3 15.6 24g 1tb + 480ssd Ubuntu  Ñ - MLA1652 - Notebooks
MLA881143282 - Notebook Laptop Dell Inspiron I3 4gb 1tb + 480ssd 14 Ubuntu  - MLA1652 - Notebooks
MLA881143866 - Notebook Laptop Dell Inspiron I5 32g 256ssd + 480sssd W10 - MLA1652 - Notebooks
MLA881143869 - Notebook Dell Inspiron I7 256ssd 12gb 15.6 Win10 Gforce - MLA1652 - Notebooks
MLA728580260 - Ups Apc Smt2200i Ar 2200v 8 Tm Estabilizador Reem Sua2200i - MLA1720 - UPS
MLA898700078 - Notebook Dell Vostro I3 15.6 16gb 1tb + 480ssd Ubuntu Ñ - MLA1652 - Notebooks
MLA881141829 - Notebook Laptop Dell Inspiron I3 16gb 1tb + 240ssd 14 Ubu - MLA1652 - Notebooks
MLA881144304 - Notebook Laptop Dell Inspiron I5 16g 256ssd + 1tb W10 - MLA1652 - Notebooks
MLA881144995 - Notebook Dell Inspiron I7 256ssd + 1tb 12gb 15.6 W10 Gf - MLA1652 - Notebooks
MLA881142261 - Notebook Laptop Dell Inspiron I3 12gb 1tb + 240ssd 14 Ubu - MLA1652 - Notebooks
MLA901164154 - Notebook Lenovo Thinkbook I5 10ma 8gb Ssd 256gb 15.6 Oferta - MLA1652 - Notebooks
MLA606396923 - Placa De Red Apc Ap9631 Smartslot Network Management - MLA1722 - Otros
MLA878849307 - Notebook Laptop Dell Inspiron I5 10g 32g 256gb + 240ssd Ubu - MLA1652 - Notebooks
MLA878849371 - Notebook Laptop Dell Inspiron I5 10g 32g 256gb + 480ssd Ubu - MLA1652 - Notebooks
MLA881143871 - Notebook Dell Inspiron I7 256ssd + 240ssd 32gb 15.6 W10 Gf - MLA1652 - Notebooks
MLA881143890 - Notebook Dell Inspiron I7 256ssd 32gb 15.6 Win10 Gforce - MLA1652 - Notebooks
MLA885737318 - Sensor Temperatura Apc Sistema De Baterías Externas - MLA1722 - Otros
MLA897944690 - Notebook Dell Vostro I5 15.6 8g 1tb + 240ssd  Ubuntu Ñ - MLA1652 - Notebooks
MLA835615338 - Sf250-48-k9-ar Switch 48p Cisco Sf250-48 10/100 Rack - MLA1708 - Switches
MLA881142737 - Notebook Dell Inspiron I7 256ssd + 480ssd 16gb 15.6 W10 Gf - MLA1652 - Notebooks
MLA881143849 - Notebook Dell Inspiron I7 256ssd + 240ssd 12gb 15.6 W10 Gf - MLA1652 - Notebooks
MLA899821562 - Notebook Dell Latitude I7 3510 4gb 256ssd Geforce W10 Pro - MLA1652 - Notebooks
MLA897947144 - Notebook Dell Vostro I3 15.6 8gb 1tb + 240ssd Ubuntu Ñ - MLA1652 - Notebooks
MLA881141864 - Notebook Dell Inspiron I5 256ssd + 1tb 24gb W10 - MLA1652 - Notebooks
MLA881142901 - Notebook Laptop Dell Inspiron I3 32gb 1tb + 240ssd 14 Ubu - MLA1652 - Notebooks
MLA881142721 - Notebook Dell Inspiron I7 256ssd + 1tb 12gb 15.6 W10 Gf - MLA1652 - Notebooks
MLA881143814 - Notebook Dell Inspiron I7 256ssd + 240ssd 8gb 15.6 W10 Gf - MLA1652 - Notebooks
MLA881143899 - Notebook Dell Inspiron I7 256ssd + 1tb 8gb 15.6 W10 Gf - MLA1652 - Notebooks
MLA897945679 - Notebook Dell Vostro I5 15.6 4g 1tb + 480ssd  Ubuntu Ñ - MLA1652 - Notebooks
MLA881143895 - Notebook Laptop Dell Vostro I5 4gb 1tb 14 Win - MLA1652 - Notebooks
MLA897765426 - Notebook Dell Vostro I3 15.6  32g 1tb Ubuntu Teclado Con Ñ - MLA1652 - Notebooks
MLA881142284 - Notebook Laptop Dell Inspiron I3 8gb 1tb + 480ssd 14 Ubu - MLA1652 - Notebooks
MLA881143428 - Notebook Laptop Dell Inspiron I5 10g 8g 256gb Ubuntu - MLA1652 - Notebooks
MLA896767231 - Notebook Laptop Dell Inspiron I3 8gb 1tb + 480ssd 15.6 W10 - MLA1652 - Notebooks
MLA881143888 - Notebook Laptop Dell Inspiron I5 32g 256ssd + 1tb W10 - MLA1652 - Notebooks
MLA881142297 - Notebook Dell Inspiron I5 256ssd + 240ssd 8gb W10 - MLA1652 - Notebooks
MLA881144341 - Notebook Laptop Dell Vostro I5 8gb 1tb + 240ssd 14 Win - MLA1652 - Notebooks
MLA901172707 - Notebook Dell Latitude I7 3510 32gb 256ssd + 240ssd Gf W10p - MLA1652 - Notebooks
MLA897955244 - Notebook Dell Vostro I3 15.6 4g 1tb + 480ssd Ubuntu Ñ - MLA1652 - Notebooks
MLA881144336 - Notebook Laptop Dell Vostro I5 4gb 1tb + 240ssd 14 Win - MLA1652 - Notebooks
MLA870134852 - Notebook Laptop Dell Inspiron I3 4gb 1tb 14 Win 10 Teclado C - MLA1652 - Notebooks
MLA881144082 - Notebook Laptop Dell Inspiron I5 32g 256ssd + 240sssd W10 - MLA1652 - Notebooks
MLA897953914 - Notebook Dell Vostro I3 15.6 8g 1tb + 480ssd Ubuntu Ñ - MLA1652 - Notebooks
MLA885811772 - Notebook Dell Latitude I7 16gb 1tb 14  Windows 10 Pro - MLA1652 - Notebooks
MLA609118053 - Smart Ups Online Apc Srv6ki 6000va 6kvi 230v 2 Años Gtia - MLA1720 - UPS
MLA756714167 - Switch Cisco Sg110-24 24 Puertos Gigabit Rack (ex. Sg100-24) - MLA1708 - Switches
MLA881142602 - Notebook Laptop Dell Inspiron I5 12g 256ssd + 480sssd W10 - MLA1652 - Notebooks
MLA884560440 - Router Wifi Linksys 5 Mesh Mr6350 Ac1300 Dual Band Oferta - MLA430901 - Routers
MLA881143253 - Notebook Laptop Dell Inspiron I3 8gb 1tb + 240ssd 14 Ubuntu  - MLA1652 - Notebooks
MLA878847687 - Notebook Laptop Dell Inspiron I5 10g 32g 256gb Ubuntu - MLA1652 - Notebooks
MLA881143857 - Notebook Laptop Dell Inspiron I5 32g 256ssd + 480sssd W10 - MLA1652 - Notebooks
MLA869937612 - Notebook Laptop Dell Inspiron I3 4gb 1tb + 480ssd Win 10  - MLA1652 - Notebooks
MLA884560340 - Extensor Repetidor Wifi Doble Banda Ac1200 Linksys Re6500 - MLA430901 - Routers
MLA881142670 - Notebook Dell Inspiron I7 256ssd + 240ssd 16gb 15.6 W10 Gf - MLA1652 - Notebooks
MLA881141888 - Notebook Dell Inspiron I5 256ssd + 240ssd 16gb W10 - MLA1652 - Notebooks
MLA897956048 - Notebook Dell Vostro I3 15.6 8g 1tb + 480ssd Ubuntu Ñ - MLA1652 - Notebooks
MLA615821372 - Guia Kit Rack Apc Surtrk Smart-ups Rt 19 P Surt1000 2000xli - MLA1722 - Otros
MLA885734709 - Ups Apc Easy Srv6kril Autonomía Extendida - MLA1720 - UPS
MLA878850399 - Notebook Laptop Dell Inspiron I5 10g 12g 256gb + 480ssd Ubu - MLA1652 - Notebooks
MLA881142729 - Notebook Dell Inspiron I7 256ssd + 240ssd 24gb 15.6 W10 Gf - MLA1652 - Notebooks
MLA881143636 - Notebook Dell Inspiron I7 256ssd 24gb 15.6 Win10 Gforce - MLA1652 - Notebooks
MLA878109663 - Notebook Laptop Dell Inspiron I5 16g 256ssd + 240ssd Ubu Cta - MLA1652 - Notebooks
MLA881141787 - Notebook Laptop Dell Inspiron I3 12gb 1tb 14 Ubuntu  - MLA1652 - Notebooks
MLA897765424 - Notebook Dell Vostro I3 15.6  12g 1tb Ubuntu Teclado Con Ñ - MLA1652 - Notebooks
MLA881144296 - Notebook Laptop Dell Inspiron I5 12g 256ssd + 1tb W10 - MLA1652 - Notebooks
MLA878850206 - Notebook Laptop Dell Inspiron I5 10g 16g 256gb + 240ssd Ubu - MLA1652 - Notebooks
MLA878849356 - Notebook Laptop Dell Inspiron I5 10g 24g 256gb + 480ssd Ubu - MLA1652 - Notebooks
MLA881142767 - Notebook Dell Inspiron I5 16gb 256ssd W10 Gforce - MLA1652 - Notebooks
MLA617193217 - Bateria Apc Srt192bp2 Smart Srt 192v 8kva 10kva Battery Pack - MLA9566 - Baterías para UPS
MLA878849343 - Notebook Laptop Dell Inspiron I5 10g 16g 256gb + 480ssd Ubu - MLA1652 - Notebooks
MLA881144051 - Notebook Laptop Dell Inspiron I5 10g 8g 256ssd + 240sssd W10 - MLA1652 - Notebooks
MLA881143613 - Notebook Laptop Dell Inspiron I5 12g 256ssd + 240sssd W10 - MLA1652 - Notebooks
MLA897956137 - Notebook Dell Vostro I3 15.6 20g 1tb + 480ssd Ubuntu  Ñ - MLA1652 - Notebooks
MLA837514028 - Ups Apc Srv6ki 6000v 3t Easy Ups Srv 230v 1kva Rackeable - MLA1720 - UPS
MLA885803366 - Monitor Dell E2220h Led 22 Negro 100v/240v Fhd - MLA14407 - Monitores
MLA878848513 - Notebook Laptop Dell Inspiron I5 10g 24g 256gb + 240ssd Ubu - MLA1652 - Notebooks
MLA683737338 - Notebook Laptop Dell Inspiron I3 4gb 1tb 14 Win 10 Teclado Con Ñ Garantia De Tienda Oficial - Factura A Y B - MLA1652 - Notebooks
MLA897765429 - Notebook Dell Vostro I5 15.6  24gb 1tb Ubuntu Teclado Con Ñ - MLA1652 - Notebooks
MLA673585449 - Notebook Dell I3 4gb 1tb Windows 10 - MLA1652 - Notebooks
MLA841537986 - Sccaner Kodak Alaris S2050 50 Ppm Duplex A4 80pa Factura A-b - MLA72721 - Scanners
MLA837513571 - Ups Apc Smart Xl Srt2200xli 2200va 230v Online Oferta - MLA1720 - UPS
MLA881144495 - Notebook Laptop Dell Inspiron I3 12gb 1tb + 480ssd 14 Ubu - MLA1652 - Notebooks
MLA897766190 - Notebook Dell Vostro I5 15.6  12gb 1tb Ubuntu Teclado Con Ñ - MLA1652 - Notebooks
MLA884562247 - Router Smart Wifi Doble Banda Ac1200+ Linksys Ea6350 Oferta - MLA430901 - Routers
MLA604204500 - Ups Apc Online Smart Srt8kxli 230v Remplazo Surt8000xli Doble Conversión Ideal Para Servidores Y Laboratorios Médicos - MLA1720 - UPS
MLA881142860 - Notebook Laptop Dell Inspiron I3 12gb 1tb 14 Ubuntu  - MLA1652 - Notebooks
MLA811354717 - Ups Apc Smart Xl Srt3000xli 3000va 230v Online Oferta - MLA1720 - UPS
MLA875202103 - Router Wifi Linksys 5 Mesh Mr6350 Ac1300 Dual Band Cuotas - MLA430901 - Routers
MLA881145051 - Notebook Laptop Dell Inspiron I3 4gb 1tb 14 Ubuntu  - MLA1652 - Notebooks
MLA841536243 - Scaner Kodak Alaris S2050 50 Ppm Duplex A4  600 Dpi - MLA72721 - Scanners
MLA885811785 - Notebook Dell Latitude I7 24gb 1tb 14  Windows 10 Pro - MLA1652 - Notebooks
MLA881143325 - Notebook Laptop Dell Vostro I5 20gb 1tb 14 Win Oferta - MLA1652 - Notebooks
MLA897988610 - Notebook I5 Dell Latitude 32gb 256ssd Win10 Pro Oferta - MLA1652 - Notebooks
MLA897987646 - Notebook I5 Dell Latitude 24gb 256ssd Win10 Pro Oferta - MLA1652 - Notebooks
MLA897952190 - Notebook Dell Vostro I3 15.6 4g 1tb + 240ssd Ubuntu  Ñ - MLA1652 - Notebooks
MLA881141893 - Notebook Laptop Dell Vostro I5 32gb 1tb 14 Win Oferta - MLA1652 - Notebooks
MLA725907893 - Ups Apc Online Smart Srt1okxli 230v 10000va Doble Conversión - MLA1720 - UPS
MLA795522277 - Bateria Apc Externa Surt48xlbp Smart- Ups P Surt1000/2000xli - MLA9566 - Baterías para UPS
MLA881143321 - Notebook Laptop Dell Vostro I5 16gb 1tb 14 Win Oferta - MLA1652 - Notebooks
MLA897987957 - Notebook I5 Dell Latitude 12gb 256ssd Win10 Pro Oferta - MLA1652 - Notebooks
MLA885815056 - Notebook Dell Latitude I7 32gb 1tb 14  Windows 10 Pro - MLA1652 - Notebooks
MLA683890354 - Ups Apc Src3000xli Smart Rc 3000va Online Garantía 2 Años - MLA1720 - UPS
MLA812489381 - Notebook I5 Dell Vostro 14 16gb 1tb Win 10 Pro Teclado Ñ Cta - MLA1652 - Notebooks
MLA671612416 - Ups Apc Smt1500r2i Ar 1500v Estabilizador Reem. Sua1500rmi2u - MLA1720 - UPS
MLA897764855 - Notebook Dell Vostro I5 15.6  20gb 1tb Ubuntu Teclado Con Ñ - MLA1652 - Notebooks
MLA755851060 - Switch Dell X1026 24puertos 10/100/1000 Ethernet Base-t+2spf - MLA1708 - Switches
MLA897946928 - Notebook Dell Vostro I5 15.6 4g 1tb + 480ssd  Ubuntu Ñ - MLA1652 - Notebooks
MLA897944664 - Notebook Dell Vostro I5 15.6 4g 1tb + 240ssd  Ubuntu Ñ - MLA1652 - Notebooks
MLA881143862 - Notebook Laptop Dell Inspiron I5 10g 8g 256ssd + 1tb W10 - MLA1652 - Notebooks
MLA881142683 - Notebook Laptop Dell Inspiron I5 10g 8g 256ssd + 1tb W10 - MLA1652 - Notebooks
MLA878085811 - Notebook Laptop Dell Inspiron I5 8g 256ssd + 240ssd Ubu Ctas - MLA1652 - Notebooks
MLA881142905 - Notebook Laptop Dell Inspiron I3 4gb 1tb + 480ssd 14 Ubuntu  - MLA1652 - Notebooks
MLA837512191 - Ups Apc Srv1kil 1000va Extra Duración Doble Conversion - MLA1720 - UPS
MLA856616747 - Ups Apc Srv2kil 2000va Extra Duración Doble Conversion - MLA1720 - UPS
MLA837513381 - Ups Apc Smt1000i 1000v 6 Tm Estabilizador Smt1000 - MLA1720 - UPS
MLA881142726 - Notebook Laptop Dell Vostro I5 20gb 1tb 14 Win Oferta - MLA1652 - Notebooks
MLA806863934 - Apc Pdu Para Rack, Básico, 1 U, 16 A, 208 Y 230 V, (10) C13 - MLA1722 - Otros
MLA835586223 - Router Cisco Rv345p Vpn Wan Dual 16 Puertos Lan + 8 Poe - MLA430901 - Routers
MLA675262043 - Router 4 Puertos Cisco Rv320 Soporte Vpn Ipsec Rv320-k9 - MLA430901 - Routers
MLA837857165 - Notebook Laptop Dell Inspiron I5 10g 32g 256gb W10 Ram Ctas - MLA1652 - Notebooks
MLA881144327 - Notebook Laptop Dell Vostro I5 16gb 1tb 14 Win Oferta - MLA1652 - Notebooks
MLA897766176 - Notebook Dell Vostro I5 15.6  12gb 1tb Ubuntu Teclado Con Ñ - MLA1652 - Notebooks
MLA837513201 - Ups Apc Online Smart Srt8kxli 230v Doble Conversión - MLA1720 - UPS
MLA881143612 - Notebook Laptop Dell Inspiron I5 10g 32g 256ssd Win10 Oferta - MLA1652 - Notebooks
MLA755870982 - Switch Dell N1524 L3 Administrable 24 Puertos Poe + Gigabit - MLA1708 - Switches
MLA620000255 - Ups Apcback-ups Pro 550va 230v Estabilizador Y Protector De Tension Con Ahorro De Energia Gtia Oficial 2 Años - MLA1720 - UPS
MLA885735907 - Easy Ups Srv 10kva Apc 10000va 230v Rackeable - MLA1720 - UPS
MLA897953369 - Notebook Dell Vostro I3 15.6 20 Gb 1tb + 240ssd Ubuntu Ñ - MLA1652 - Notebooks
MLA881143921 - Notebook Laptop Dell Vostro I5 32gb 1tb 14 Win Oferta - MLA1652 - Notebooks
MLA881143591 - Notebook Laptop Dell Inspiron I5 10g 12g 256ssd Win10 Oferta - MLA1652 - Notebooks
MLA838058528 - Bateria Apc Srt72bp 72v Smart Para Ups Srt2200 2,2kva - MLA9566 - Baterías para UPS
MLA897945023 - Notebook Dell Vostro I5 15.6 32gb 1tb + 240 Ssd Ubuntu Ñ - MLA1652 - Notebooks
MLA897987559 - Notebook I5 Dell Latitude 16gb 256ssd Win10 Pro Oferta - MLA1652 - Notebooks
MLA897987395 - Notebook I5 Dell Latitude 12gb 256ssd Win10 Pro Oferta - MLA1652 - Notebooks
MLA811563126 - Ups Apc Srt6kxli 6000va Online Reemplazo Surt6000xli - MLA1720 - UPS
MLA897988952 - Notebook I5 Dell Latitude 16gb 256ssd Win10 Pro Oferta - MLA1652 - Notebooks
MLA837533913 - Ups Apc Srv3ki 3000v 3t Easy Ups Srv 230v 1kva Rackeable - MLA1720 - UPS
MLA897988612 - Notebook I5 Dell Latitude 32gb 256ssd Win10 Pro Oferta - MLA1652 - Notebooks
MLA691355192 - Notebook Dell Vostro I5 8gb 1tb 14 Win 10 Pro - MLA1652 - Notebooks
MLA897765425 - Notebook Dell Vostro I3 15.6  20g 1tb Ubuntu Teclado Con Ñ - MLA1652 - Notebooks
MLA812489388 - Notebook I5 Dell Vostro 14 4gb 1tb Win 10 Pro Teclado Con Ñ Gtia De Tienda Oficial - Factura A Y B - MLA1652 - Notebooks
MLA881142458 - Notebook Laptop Dell Inspiron I5 10g 16g 256ssd Win10 Oferta - MLA1652 - Notebooks
MLA881144015 - Notebook Laptop Dell Inspiron I5 10g 8g 256ssd Win10 Oferta - MLA1652 - Notebooks
MLA881142455 - Notebook Laptop Dell Inspiron I5 10g 24g 256ssd Win10 Oferta - MLA1652 - Notebooks
MLA884245030 - Notebook Dell G5 Ryzen 7 16gb 512ssd Rx5600 Win10 - MLA1652 - Notebooks
MLA811562707 - Ups Apc Srt5kxli 5000va Online Reemplazo Surt5000xli - MLA1720 - UPS
MLA897945792 - Notebook Dell Vostro I5 15.6 24 Gb 1tb + 480ssd  Ubuntu Ñ - MLA1652 - Notebooks
MLA885813867 - Notebook Dell Latitude I7 12gb 1tb 14  Windows 10 Pro - MLA1652 - Notebooks
MLA885815837 - Notebook Dell Latitude I7 16gb 1tb 14  Windows 10 Pro - MLA1652 - Notebooks
MLA885815872 - Notebook Dell Latitude I7 32gb 1tb 14  Windows 10 Pro - MLA1652 - Notebooks
MLA723825344 - Escaner Kodak Scanmate I940 20ppm Bn-color 600dpi Oferta - MLA72721 - Scanners
MLA885802327 - Notebook Dell Latitude I7 8gb 1tb 14  Windows 10 Pro - MLA1652 - Notebooks
MLA885803099 - Notebook Dell Latitude I7 8gb 1tb 14  Windows 10 Pro - MLA1652 - Notebooks
MLA881142468 - Notebook Laptop Dell Inspiron I5 10g 24g 256ssd Win10 Oferta - MLA1652 - Notebooks
MLA881143604 - Notebook Laptop Dell Inspiron I5 10g 12g 256ssd Win10 Oferta - MLA1652 - Notebooks
MLA861220341 - Router Linksys Wifi Ea7300 Mimo Smart Router Ac1750 - MLA430901 - Routers
MLA897968076 - Notebook I5 Dell Latitude 8gb 256ssd Win10 Pro Oferta - MLA1652 - Notebooks
MLA881142452 - Notebook Laptop Dell Inspiron I5 10g 8g 256ssd Win10 Oferta - MLA1652 - Notebooks
MLA897946871 - Notebook Dell Vostro I5 15.6 20g 1tb + 480ssd  Ubuntu Ñ - MLA1652 - Notebooks
MLA897764831 - Notebook Dell Vostro I3 15.6  4g 1tb Ubuntu Teclado Con Ñ - MLA1652 - Notebooks
MLA897967336 - Notebook I5 Dell Latitude 8gb 256ssd Win10 Pro Oferta - MLA1652 - Notebooks
MLA677347989 - Notebook I7 Dell Latitude 8gb 256ssd Win 10pro Teclado Con Ñ Gtia Oficial - Factura A Y B - Uso Corporativo - MLA1652 - Notebooks
MLA881143594 - Notebook Laptop Dell Inspiron I5 10g 16g 256ssd Win10 Oferta - MLA1652 - Notebooks
MLA877864501 - Notebook Dell Latitude I5 8gb 256gb Ssd Win10 Pro Cuotas - MLA1652 - Notebooks
MLA754706288 - Notebook I7 Dell Latitude 7400 8gb 256ssd Win10pro En Cuotas - MLA1652 - Notebooks
MLA886432323 - Dock Universal Dell Wd19 Usb Type-c 180w Vga Hdmi - MLA3581 - Docking Stations y Replicators
MLA863064747 - Router Linksys Wifi Ea7300 Mimo Smart Router Ac1750 - MLA430901 - Routers
MLA605810280 - Bateria Apc Externa Src96xlbp Smart-ups P/ Src2000/3000xli - MLA1720 - UPS
